{"/Users/sajad/Applications/iosapps/investmentapp/src/App.tsx": {"path":"/Users/sajad/Applications/iosapps/investmentapp/src/App.tsx","statementMap":{"0":{"start":{"line":20,"column":29},"end":{"line":166,"column":1}},"1":{"start":{"line":21,"column":36},"end":{"line":21,"column":47}},"2":{"start":{"line":22,"column":22},"end":{"line":22,"column":38}},"3":{"start":{"line":23,"column":18},"end":{"line":23,"column":29}},"4":{"start":{"line":24,"column":19},"end":{"line":24,"column":32}},"5":{"start":{"line":25,"column":40},"end":{"line":25,"column":55}},"6":{"start":{"line":28,"column":2},"end":{"line":36,"column":12}},"7":{"start":{"line":29,"column":4},"end":{"line":34,"column":5}},"8":{"start":{"line":30,"column":6},"end":{"line":30,"column":28}},"9":{"start":{"line":31,"column":6},"end":{"line":31,"column":59}},"10":{"start":{"line":31,"column":37},"end":{"line":31,"column":57}},"11":{"start":{"line":33,"column":6},"end":{"line":33,"column":27}},"12":{"start":{"line":38,"column":27},"end":{"line":43,"column":3}},"13":{"start":{"line":39,"column":20},"end":{"line":39,"column":34}},"14":{"start":{"line":40,"column":4},"end":{"line":42,"column":5}},"15":{"start":{"line":41,"column":6},"end":{"line":41,"column":30}},"16":{"start":{"line":45,"column":15},"end":{"line":71,"column":3}},"17":{"start":{"line":73,"column":2},"end":{"line":75,"column":3}},"18":{"start":{"line":74,"column":4},"end":{"line":74,"column":99}},"19":{"start":{"line":77,"column":2},"end":{"line":165,"column":4}},"20":{"start":{"line":118,"column":14},"end":{"line":125,"column":23}},"21":{"start":{"line":121,"column":31},"end":{"line":121,"column":51}},"22":{"start":{"line":168,"column":22},"end":{"line":177,"column":1}},"23":{"start":{"line":169,"column":2},"end":{"line":176,"column":4}}},"fnMap":{"0":{"name":"(anonymous_0)","decl":{"start":{"line":20,"column":29},"end":{"line":20,"column":30}},"loc":{"start":{"line":20,"column":35},"end":{"line":166,"column":1}},"line":20},"1":{"name":"(anonymous_1)","decl":{"start":{"line":28,"column":12},"end":{"line":28,"column":13}},"loc":{"start":{"line":28,"column":18},"end":{"line":36,"column":3}},"line":28},"2":{"name":"(anonymous_2)","decl":{"start":{"line":31,"column":31},"end":{"line":31,"column":32}},"loc":{"start":{"line":31,"column":37},"end":{"line":31,"column":57}},"line":31},"3":{"name":"(anonymous_3)","decl":{"start":{"line":38,"column":27},"end":{"line":38,"column":28}},"loc":{"start":{"line":38,"column":72},"end":{"line":43,"column":3}},"line":38},"4":{"name":"(anonymous_4)","decl":{"start":{"line":117,"column":22},"end":{"line":117,"column":23}},"loc":{"start":{"line":118,"column":14},"end":{"line":125,"column":23}},"line":118},"5":{"name":"(anonymous_5)","decl":{"start":{"line":121,"column":25},"end":{"line":121,"column":26}},"loc":{"start":{"line":121,"column":31},"end":{"line":121,"column":51}},"line":121},"6":{"name":"(anonymous_6)","decl":{"start":{"line":168,"column":22},"end":{"line":168,"column":23}},"loc":{"start":{"line":168,"column":28},"end":{"line":177,"column":1}},"line":168}},"branchMap":{"0":{"loc":{"start":{"line":29,"column":4},"end":{"line":34,"column":5}},"type":"if","locations":[{"start":{"line":29,"column":4},"end":{"line":34,"column":5}},{"start":{"line":32,"column":11},"end":{"line":34,"column":5}}],"line":29},"1":{"loc":{"start":{"line":29,"column":8},"end":{"line":29,"column":36}},"type":"binary-expr","locations":[{"start":{"line":29,"column":8},"end":{"line":29,"column":11}},{"start":{"line":29,"column":15},"end":{"line":29,"column":36}}],"line":29},"2":{"loc":{"start":{"line":40,"column":4},"end":{"line":42,"column":5}},"type":"if","locations":[{"start":{"line":40,"column":4},"end":{"line":42,"column":5}},{"start":{},"end":{}}],"line":40},"3":{"loc":{"start":{"line":73,"column":2},"end":{"line":75,"column":3}},"type":"if","locations":[{"start":{"line":73,"column":2},"end":{"line":75,"column":3}},{"start":{},"end":{}}],"line":73},"4":{"loc":{"start":{"line":120,"column":178},"end":{"line":120,"column":270}},"type":"cond-expr","locations":[{"start":{"line":120,"column":201},"end":{"line":120,"column":234}},{"start":{"line":120,"column":237},"end":{"line":120,"column":270}}],"line":120},"5":{"loc":{"start":{"line":134,"column":33},"end":{"line":134,"column":67}},"type":"cond-expr","locations":[{"start":{"line":134,"column":51},"end":{"line":134,"column":58}},{"start":{"line":134,"column":61},"end":{"line":134,"column":67}}],"line":134},"6":{"loc":{"start":{"line":137,"column":33},"end":{"line":137,"column":67}},"type":"cond-expr","locations":[{"start":{"line":137,"column":51},"end":{"line":137,"column":58}},{"start":{"line":137,"column":61},"end":{"line":137,"column":67}}],"line":137},"7":{"loc":{"start":{"line":140,"column":33},"end":{"line":140,"column":67}},"type":"cond-expr","locations":[{"start":{"line":140,"column":51},"end":{"line":140,"column":58}},{"start":{"line":140,"column":61},"end":{"line":140,"column":67}}],"line":140},"8":{"loc":{"start":{"line":143,"column":33},"end":{"line":143,"column":67}},"type":"cond-expr","locations":[{"start":{"line":143,"column":51},"end":{"line":143,"column":58}},{"start":{"line":143,"column":61},"end":{"line":143,"column":67}}],"line":143},"9":{"loc":{"start":{"line":146,"column":33},"end":{"line":146,"column":67}},"type":"cond-expr","locations":[{"start":{"line":146,"column":51},"end":{"line":146,"column":58}},{"start":{"line":146,"column":61},"end":{"line":146,"column":67}}],"line":146}},"s":{"0":0,"1":0,"2":0,"3":0,"4":0,"5":0,"6":0,"7":0,"8":0,"9":0,"10":0,"11":0,"12":0,"13":0,"14":0,"15":0,"16":0,"17":0,"18":0,"19":0,"20":0,"21":0,"22":0,"23":0},"f":{"0":0,"1":0,"2":0,"3":0,"4":0,"5":0,"6":0},"b":{"0":[0,0],"1":[0,0],"2":[0,0],"3":[0,0],"4":[0,0],"5":[0,0],"6":[0,0],"7":[0,0],"8":[0,0],"9":[0,0]}}
,"/Users/sajad/Applications/iosapps/investmentapp/src/i18n.ts": {"path":"/Users/sajad/Applications/iosapps/investmentapp/src/i18n.ts","statementMap":{"0":{"start":{"line":4,"column":18},"end":{"line":405,"column":1}},"1":{"start":{"line":407,"column":0},"end":{"line":416,"column":5}}},"fnMap":{},"branchMap":{},"s":{"0":1,"1":1},"f":{},"b":{},"_coverageSchema":"1a1c01bbd47fc00a2c39e90264f33305004495a9","hash":"223e2a7e6e5997440a73bdc823f21c255802d0a3"}
,"/Users/sajad/Applications/iosapps/investmentapp/src/index.tsx": {"path":"/Users/sajad/Applications/iosapps/investmentapp/src/index.tsx","statementMap":{"0":{"start":{"line":5,"column":13},"end":{"line":7,"column":1}},"1":{"start":{"line":9,"column":0},"end":{"line":13,"column":2}}},"fnMap":{},"branchMap":{},"s":{"0":0,"1":0},"f":{},"b":{}}
,"/Users/sajad/Applications/iosapps/investmentapp/src/components/HelpGuide.tsx": {"path":"/Users/sajad/Applications/iosapps/investmentapp/src/components/HelpGuide.tsx","statementMap":{"0":{"start":{"line":11,"column":52},"end":{"line":39,"column":1}},"1":{"start":{"line":12,"column":30},"end":{"line":12,"column":45}},"2":{"start":{"line":14,"column":2},"end":{"line":38,"column":4}},"3":{"start":{"line":18,"column":23},"end":{"line":18,"column":41}},"4":{"start":{"line":41,"column":28},"end":{"line":254,"column":1}},"5":{"start":{"line":42,"column":16},"end":{"line":42,"column":32}},"6":{"start":{"line":44,"column":2},"end":{"line":253,"column":4}}},"fnMap":{"0":{"name":"(anonymous_0)","decl":{"start":{"line":11,"column":52},"end":{"line":11,"column":53}},"loc":{"start":{"line":11,"column":83},"end":{"line":39,"column":1}},"line":11},"1":{"name":"(anonymous_1)","decl":{"start":{"line":18,"column":17},"end":{"line":18,"column":18}},"loc":{"start":{"line":18,"column":23},"end":{"line":18,"column":41}},"line":18},"2":{"name":"(anonymous_2)","decl":{"start":{"line":41,"column":28},"end":{"line":41,"column":29}},"loc":{"start":{"line":41,"column":34},"end":{"line":254,"column":1}},"line":41}},"branchMap":{"0":{"loc":{"start":{"line":24,"column":9},"end":{"line":28,"column":9}},"type":"cond-expr","locations":[{"start":{"line":25,"column":10},"end":{"line":25,"column":59}},{"start":{"line":27,"column":10},"end":{"line":27,"column":60}}],"line":24},"1":{"loc":{"start":{"line":30,"column":7},"end":{"line":36,"column":7}},"type":"binary-expr","locations":[{"start":{"line":30,"column":7},"end":{"line":30,"column":13}},{"start":{"line":31,"column":8},"end":{"line":35,"column":14}}],"line":30}},"s":{"0":0,"1":0,"2":0,"3":0,"4":0,"5":0,"6":0},"f":{"0":0,"1":0,"2":0},"b":{"0":[0,0],"1":[0,0]}}
,"/Users/sajad/Applications/iosapps/investmentapp/src/constants/defaults.ts": {"path":"/Users/sajad/Applications/iosapps/investmentapp/src/constants/defaults.ts","statementMap":{"0":{"start":{"line":3,"column":68},"end":{"line":9,"column":1}},"1":{"start":{"line":11,"column":55},"end":{"line":16,"column":1}},"2":{"start":{"line":18,"column":67},"end":{"line":23,"column":1}},"3":{"start":{"line":25,"column":66},"end":{"line":31,"column":1}},"4":{"start":{"line":33,"column":53},"end":{"line":38,"column":1}},"5":{"start":{"line":40,"column":65},"end":{"line":45,"column":1}}},"fnMap":{},"branchMap":{},"s":{"0":3,"1":3,"2":3,"3":3,"4":3,"5":3},"f":{},"b":{},"_coverageSchema":"1a1c01bbd47fc00a2c39e90264f33305004495a9","hash":"a7420882a3943c11f523a7b399e5008701d0ef79"}
,"/Users/sajad/Applications/iosapps/investmentapp/src/controllers/GoalPlannerController.tsx": {"path":"/Users/sajad/Applications/iosapps/investmentapp/src/controllers/GoalPlannerController.tsx","statementMap":{"0":{"start":{"line":6,"column":40},"end":{"line":24,"column":1}},"1":{"start":{"line":7,"column":30},"end":{"line":7,"column":79}},"2":{"start":{"line":8,"column":32},"end":{"line":8,"column":65}},"3":{"start":{"line":9,"column":32},"end":{"line":9,"column":66}},"4":{"start":{"line":10,"column":30},"end":{"line":10,"column":49}},"5":{"start":{"line":12,"column":2},"end":{"line":23,"column":4}}},"fnMap":{"0":{"name":"(anonymous_0)","decl":{"start":{"line":6,"column":40},"end":{"line":6,"column":41}},"loc":{"start":{"line":6,"column":46},"end":{"line":24,"column":1}},"line":6}},"branchMap":{},"s":{"0":1,"1":5,"2":5,"3":5,"4":5,"5":5},"f":{"0":5},"b":{},"_coverageSchema":"1a1c01bbd47fc00a2c39e90264f33305004495a9","hash":"0213cc2565c2a5d9189b11a74de0c82295fd87fd"}
,"/Users/sajad/Applications/iosapps/investmentapp/src/controllers/MonthlyInvestmentController.tsx": {"path":"/Users/sajad/Applications/iosapps/investmentapp/src/controllers/MonthlyInvestmentController.tsx","statementMap":{"0":{"start":{"line":6,"column":46},"end":{"line":24,"column":1}},"1":{"start":{"line":7,"column":30},"end":{"line":7,"column":91}},"2":{"start":{"line":8,"column":32},"end":{"line":8,"column":65}},"3":{"start":{"line":9,"column":32},"end":{"line":9,"column":66}},"4":{"start":{"line":10,"column":30},"end":{"line":10,"column":49}},"5":{"start":{"line":12,"column":2},"end":{"line":23,"column":4}}},"fnMap":{"0":{"name":"(anonymous_0)","decl":{"start":{"line":6,"column":46},"end":{"line":6,"column":47}},"loc":{"start":{"line":6,"column":52},"end":{"line":24,"column":1}},"line":6}},"branchMap":{},"s":{"0":1,"1":5,"2":5,"3":5,"4":5,"5":5},"f":{"0":5},"b":{},"_coverageSchema":"1a1c01bbd47fc00a2c39e90264f33305004495a9","hash":"3da1a6fb1300448d26e4bf51efa4092fba8ed712"}
,"/Users/sajad/Applications/iosapps/investmentapp/src/controllers/OneTimeInvestmentController.tsx": {"path":"/Users/sajad/Applications/iosapps/investmentapp/src/controllers/OneTimeInvestmentController.tsx","statementMap":{"0":{"start":{"line":6,"column":46},"end":{"line":24,"column":1}},"1":{"start":{"line":7,"column":30},"end":{"line":7,"column":92}},"2":{"start":{"line":8,"column":32},"end":{"line":8,"column":65}},"3":{"start":{"line":9,"column":32},"end":{"line":9,"column":66}},"4":{"start":{"line":10,"column":30},"end":{"line":10,"column":49}},"5":{"start":{"line":12,"column":2},"end":{"line":23,"column":4}}},"fnMap":{"0":{"name":"(anonymous_0)","decl":{"start":{"line":6,"column":46},"end":{"line":6,"column":47}},"loc":{"start":{"line":6,"column":52},"end":{"line":24,"column":1}},"line":6}},"branchMap":{},"s":{"0":1,"1":5,"2":5,"3":5,"4":5,"5":5},"f":{"0":5},"b":{},"_coverageSchema":"1a1c01bbd47fc00a2c39e90264f33305004495a9","hash":"07f32b12c317a1137ab1d66f22d2bc790858cd9e"}
,"/Users/sajad/Applications/iosapps/investmentapp/src/models/calculations.ts": {"path":"/Users/sajad/Applications/iosapps/investmentapp/src/models/calculations.ts","statementMap":{"0":{"start":{"line":9,"column":42},"end":{"line":47,"column":1}},"1":{"start":{"line":10,"column":27},"end":{"line":10,"column":58}},"2":{"start":{"line":11,"column":19},"end":{"line":11,"column":42}},"3":{"start":{"line":12,"column":23},"end":{"line":12,"column":42}},"4":{"start":{"line":13,"column":21},"end":{"line":13,"column":46}},"5":{"start":{"line":14,"column":27},"end":{"line":14,"column":58}},"6":{"start":{"line":15,"column":22},"end":{"line":15,"column":73}},"7":{"start":{"line":16,"column":22},"end":{"line":16,"column":38}},"8":{"start":{"line":18,"column":39},"end":{"line":18,"column":41}},"9":{"start":{"line":19,"column":21},"end":{"line":19,"column":37}},"10":{"start":{"line":20,"column":20},"end":{"line":20,"column":21}},"11":{"start":{"line":21,"column":21},"end":{"line":21,"column":22}},"12":{"start":{"line":23,"column":2},"end":{"line":37,"column":3}},"13":{"start":{"line":23,"column":19},"end":{"line":23,"column":20}},"14":{"start":{"line":24,"column":19},"end":{"line":24,"column":45}},"15":{"start":{"line":25,"column":20},"end":{"line":25,"column":53}},"16":{"start":{"line":26,"column":22},"end":{"line":26,"column":38}},"17":{"start":{"line":27,"column":4},"end":{"line":27,"column":30}},"18":{"start":{"line":28,"column":4},"end":{"line":28,"column":26}},"19":{"start":{"line":29,"column":4},"end":{"line":29,"column":28}},"20":{"start":{"line":30,"column":4},"end":{"line":36,"column":7}},"21":{"start":{"line":39,"column":31},"end":{"line":44,"column":3}},"22":{"start":{"line":46,"column":2},"end":{"line":46,"column":30}},"23":{"start":{"line":49,"column":36},"end":{"line":101,"column":1}},"24":{"start":{"line":50,"column":30},"end":{"line":50,"column":64}},"25":{"start":{"line":51,"column":28},"end":{"line":51,"column":60}},"26":{"start":{"line":52,"column":21},"end":{"line":52,"column":46}},"27":{"start":{"line":53,"column":27},"end":{"line":53,"column":58}},"28":{"start":{"line":54,"column":22},"end":{"line":54,"column":38}},"29":{"start":{"line":56,"column":39},"end":{"line":56,"column":41}},"30":{"start":{"line":57,"column":21},"end":{"line":57,"column":22}},"31":{"start":{"line":58,"column":20},"end":{"line":58,"column":21}},"32":{"start":{"line":59,"column":21},"end":{"line":59,"column":22}},"33":{"start":{"line":60,"column":22},"end":{"line":60,"column":23}},"34":{"start":{"line":61,"column":14},"end":{"line":61,"column":15}},"35":{"start":{"line":62,"column":17},"end":{"line":62,"column":22}},"36":{"start":{"line":63,"column":22},"end":{"line":63,"column":23}},"37":{"start":{"line":65,"column":2},"end":{"line":87,"column":3}},"38":{"start":{"line":66,"column":4},"end":{"line":66,"column":12}},"39":{"start":{"line":67,"column":4},"end":{"line":67,"column":38}},"40":{"start":{"line":68,"column":4},"end":{"line":68,"column":39}},"41":{"start":{"line":69,"column":19},"end":{"line":69,"column":45}},"42":{"start":{"line":70,"column":20},"end":{"line":70,"column":53}},"43":{"start":{"line":71,"column":31},"end":{"line":71,"column":47}},"44":{"start":{"line":72,"column":4},"end":{"line":72,"column":26}},"45":{"start":{"line":73,"column":4},"end":{"line":73,"column":28}},"46":{"start":{"line":74,"column":4},"end":{"line":74,"column":39}},"47":{"start":{"line":75,"column":4},"end":{"line":82,"column":7}},"48":{"start":{"line":83,"column":4},"end":{"line":86,"column":5}},"49":{"start":{"line":84,"column":6},"end":{"line":84,"column":22}},"50":{"start":{"line":85,"column":6},"end":{"line":85,"column":28}},"51":{"start":{"line":89,"column":31},"end":{"line":98,"column":3}},"52":{"start":{"line":100,"column":2},"end":{"line":100,"column":30}},"53":{"start":{"line":103,"column":42},"end":{"line":142,"column":1}},"54":{"start":{"line":104,"column":24},"end":{"line":104,"column":52}},"55":{"start":{"line":105,"column":19},"end":{"line":105,"column":42}},"56":{"start":{"line":106,"column":21},"end":{"line":106,"column":46}},"57":{"start":{"line":107,"column":27},"end":{"line":107,"column":58}},"58":{"start":{"line":108,"column":22},"end":{"line":108,"column":38}},"59":{"start":{"line":110,"column":39},"end":{"line":110,"column":41}},"60":{"start":{"line":111,"column":21},"end":{"line":111,"column":22}},"61":{"start":{"line":112,"column":20},"end":{"line":112,"column":21}},"62":{"start":{"line":113,"column":21},"end":{"line":113,"column":22}},"63":{"start":{"line":114,"column":22},"end":{"line":114,"column":23}},"64":{"start":{"line":116,"column":2},"end":{"line":132,"column":3}},"65":{"start":{"line":116,"column":19},"end":{"line":116,"column":20}},"66":{"start":{"line":117,"column":19},"end":{"line":117,"column":45}},"67":{"start":{"line":118,"column":20},"end":{"line":118,"column":53}},"68":{"start":{"line":119,"column":22},"end":{"line":119,"column":38}},"69":{"start":{"line":120,"column":4},"end":{"line":120,"column":46}},"70":{"start":{"line":121,"column":4},"end":{"line":121,"column":26}},"71":{"start":{"line":122,"column":4},"end":{"line":122,"column":28}},"72":{"start":{"line":123,"column":4},"end":{"line":123,"column":35}},"73":{"start":{"line":124,"column":4},"end":{"line":131,"column":7}},"74":{"start":{"line":134,"column":31},"end":{"line":139,"column":3}},"75":{"start":{"line":141,"column":2},"end":{"line":141,"column":30}},"76":{"start":{"line":144,"column":30},"end":{"line":149,"column":1}},"77":{"start":{"line":145,"column":2},"end":{"line":148,"column":20}},"78":{"start":{"line":151,"column":32},"end":{"line":153,"column":1}},"79":{"start":{"line":152,"column":2},"end":{"line":152,"column":32}}},"fnMap":{"0":{"name":"(anonymous_0)","decl":{"start":{"line":9,"column":42},"end":{"line":9,"column":43}},"loc":{"start":{"line":9,"column":135},"end":{"line":47,"column":1}},"line":9},"1":{"name":"(anonymous_1)","decl":{"start":{"line":49,"column":36},"end":{"line":49,"column":37}},"loc":{"start":{"line":49,"column":123},"end":{"line":101,"column":1}},"line":49},"2":{"name":"(anonymous_2)","decl":{"start":{"line":103,"column":42},"end":{"line":103,"column":43}},"loc":{"start":{"line":103,"column":135},"end":{"line":142,"column":1}},"line":103},"3":{"name":"(anonymous_3)","decl":{"start":{"line":144,"column":30},"end":{"line":144,"column":31}},"loc":{"start":{"line":144,"column":58},"end":{"line":149,"column":1}},"line":144},"4":{"name":"(anonymous_4)","decl":{"start":{"line":151,"column":32},"end":{"line":151,"column":33}},"loc":{"start":{"line":151,"column":59},"end":{"line":153,"column":1}},"line":151}},"branchMap":{"0":{"loc":{"start":{"line":15,"column":22},"end":{"line":15,"column":73}},"type":"cond-expr","locations":[{"start":{"line":15,"column":49},"end":{"line":15,"column":62}},{"start":{"line":15,"column":65},"end":{"line":15,"column":73}}],"line":15},"1":{"loc":{"start":{"line":65,"column":9},"end":{"line":65,"column":34}},"type":"binary-expr","locations":[{"start":{"line":65,"column":9},"end":{"line":65,"column":18}},{"start":{"line":65,"column":22},"end":{"line":65,"column":34}}],"line":65},"2":{"loc":{"start":{"line":83,"column":4},"end":{"line":86,"column":5}},"type":"if","locations":[{"start":{"line":83,"column":4},"end":{"line":86,"column":5}},{"start":{},"end":{}}],"line":83},"3":{"loc":{"start":{"line":83,"column":8},"end":{"line":83,"column":62}},"type":"binary-expr","locations":[{"start":{"line":83,"column":8},"end":{"line":83,"column":49}},{"start":{"line":83,"column":53},"end":{"line":83,"column":62}}],"line":83},"4":{"loc":{"start":{"line":94,"column":24},"end":{"line":96,"column":35}},"type":"cond-expr","locations":[{"start":{"line":95,"column":8},"end":{"line":95,"column":52}},{"start":{"line":96,"column":8},"end":{"line":96,"column":35}}],"line":94}},"s":{"0":0,"1":0,"2":0,"3":0,"4":0,"5":0,"6":0,"7":0,"8":0,"9":0,"10":0,"11":0,"12":0,"13":0,"14":0,"15":0,"16":0,"17":0,"18":0,"19":0,"20":0,"21":0,"22":0,"23":0,"24":0,"25":0,"26":0,"27":0,"28":0,"29":0,"30":0,"31":0,"32":0,"33":0,"34":0,"35":0,"36":0,"37":0,"38":0,"39":0,"40":0,"41":0,"42":0,"43":0,"44":0,"45":0,"46":0,"47":0,"48":0,"49":0,"50":0,"51":0,"52":0,"53":0,"54":0,"55":0,"56":0,"57":0,"58":0,"59":0,"60":0,"61":0,"62":0,"63":0,"64":0,"65":0,"66":0,"67":0,"68":0,"69":0,"70":0,"71":0,"72":0,"73":0,"74":0,"75":0,"76":0,"77":0,"78":0,"79":0},"f":{"0":0,"1":0,"2":0,"3":0,"4":0},"b":{"0":[0,0],"1":[0,0],"2":[0,0],"3":[0,0],"4":[0,0]}}
,"/Users/sajad/Applications/iosapps/investmentapp/src/models/types.ts": {"path":"/Users/sajad/Applications/iosapps/investmentapp/src/models/types.ts","statementMap":{},"fnMap":{},"branchMap":{},"s":{},"f":{},"b":{}}
,"/Users/sajad/Applications/iosapps/investmentapp/src/models/validation.ts": {"path":"/Users/sajad/Applications/iosapps/investmentapp/src/models/validation.ts","statementMap":{"0":{"start":{"line":8,"column":41},"end":{"line":32,"column":1}},"1":{"start":{"line":9,"column":36},"end":{"line":9,"column":38}},"2":{"start":{"line":10,"column":27},"end":{"line":10,"column":58}},"3":{"start":{"line":11,"column":19},"end":{"line":11,"column":42}},"4":{"start":{"line":12,"column":21},"end":{"line":12,"column":46}},"5":{"start":{"line":13,"column":27},"end":{"line":13,"column":58}},"6":{"start":{"line":15,"column":2},"end":{"line":17,"column":3}},"7":{"start":{"line":16,"column":4},"end":{"line":16,"column":100}},"8":{"start":{"line":19,"column":2},"end":{"line":21,"column":3}},"9":{"start":{"line":20,"column":4},"end":{"line":20,"column":79}},"10":{"start":{"line":23,"column":2},"end":{"line":25,"column":3}},"11":{"start":{"line":24,"column":4},"end":{"line":24,"column":92}},"12":{"start":{"line":27,"column":2},"end":{"line":29,"column":3}},"13":{"start":{"line":28,"column":4},"end":{"line":28,"column":104}},"14":{"start":{"line":31,"column":2},"end":{"line":31,"column":16}},"15":{"start":{"line":34,"column":35},"end":{"line":54,"column":1}},"16":{"start":{"line":35,"column":36},"end":{"line":35,"column":38}},"17":{"start":{"line":36,"column":30},"end":{"line":36,"column":64}},"18":{"start":{"line":37,"column":28},"end":{"line":37,"column":60}},"19":{"start":{"line":38,"column":21},"end":{"line":38,"column":46}},"20":{"start":{"line":39,"column":27},"end":{"line":39,"column":58}},"21":{"start":{"line":41,"column":2},"end":{"line":43,"column":3}},"22":{"start":{"line":42,"column":4},"end":{"line":42,"column":107}},"23":{"start":{"line":44,"column":2},"end":{"line":46,"column":3}},"24":{"start":{"line":45,"column":4},"end":{"line":45,"column":102}},"25":{"start":{"line":47,"column":2},"end":{"line":49,"column":3}},"26":{"start":{"line":48,"column":4},"end":{"line":48,"column":92}},"27":{"start":{"line":50,"column":2},"end":{"line":52,"column":3}},"28":{"start":{"line":51,"column":4},"end":{"line":51,"column":104}},"29":{"start":{"line":53,"column":2},"end":{"line":53,"column":16}},"30":{"start":{"line":56,"column":41},"end":{"line":80,"column":1}},"31":{"start":{"line":57,"column":36},"end":{"line":57,"column":38}},"32":{"start":{"line":58,"column":24},"end":{"line":58,"column":52}},"33":{"start":{"line":59,"column":19},"end":{"line":59,"column":42}},"34":{"start":{"line":60,"column":21},"end":{"line":60,"column":46}},"35":{"start":{"line":61,"column":27},"end":{"line":61,"column":58}},"36":{"start":{"line":63,"column":2},"end":{"line":65,"column":3}},"37":{"start":{"line":64,"column":4},"end":{"line":64,"column":94}},"38":{"start":{"line":67,"column":2},"end":{"line":69,"column":3}},"39":{"start":{"line":68,"column":4},"end":{"line":68,"column":85}},"40":{"start":{"line":71,"column":2},"end":{"line":73,"column":3}},"41":{"start":{"line":72,"column":4},"end":{"line":72,"column":92}},"42":{"start":{"line":75,"column":2},"end":{"line":77,"column":3}},"43":{"start":{"line":76,"column":4},"end":{"line":76,"column":104}},"44":{"start":{"line":79,"column":2},"end":{"line":79,"column":16}},"45":{"start":{"line":82,"column":31},"end":{"line":85,"column":1}},"46":{"start":{"line":83,"column":16},"end":{"line":83,"column":55}},"47":{"start":{"line":83,"column":35},"end":{"line":83,"column":54}},"48":{"start":{"line":84,"column":2},"end":{"line":84,"column":36}}},"fnMap":{"0":{"name":"(anonymous_0)","decl":{"start":{"line":8,"column":41},"end":{"line":8,"column":42}},"loc":{"start":{"line":8,"column":97},"end":{"line":32,"column":1}},"line":8},"1":{"name":"(anonymous_1)","decl":{"start":{"line":34,"column":35},"end":{"line":34,"column":36}},"loc":{"start":{"line":34,"column":85},"end":{"line":54,"column":1}},"line":34},"2":{"name":"(anonymous_2)","decl":{"start":{"line":56,"column":41},"end":{"line":56,"column":42}},"loc":{"start":{"line":56,"column":97},"end":{"line":80,"column":1}},"line":56},"3":{"name":"(anonymous_3)","decl":{"start":{"line":82,"column":31},"end":{"line":82,"column":32}},"loc":{"start":{"line":82,"column":85},"end":{"line":85,"column":1}},"line":82},"4":{"name":"(anonymous_4)","decl":{"start":{"line":83,"column":28},"end":{"line":83,"column":29}},"loc":{"start":{"line":83,"column":35},"end":{"line":83,"column":54}},"line":83}},"branchMap":{"0":{"loc":{"start":{"line":15,"column":2},"end":{"line":17,"column":3}},"type":"if","locations":[{"start":{"line":15,"column":2},"end":{"line":17,"column":3}},{"start":{},"end":{}}],"line":15},"1":{"loc":{"start":{"line":15,"column":6},"end":{"line":15,"column":48}},"type":"binary-expr","locations":[{"start":{"line":15,"column":6},"end":{"line":15,"column":23}},{"start":{"line":15,"column":27},"end":{"line":15,"column":48}}],"line":15},"2":{"loc":{"start":{"line":19,"column":2},"end":{"line":21,"column":3}},"type":"if","locations":[{"start":{"line":19,"column":2},"end":{"line":21,"column":3}},{"start":{},"end":{}}],"line":19},"3":{"loc":{"start":{"line":19,"column":6},"end":{"line":19,"column":31}},"type":"binary-expr","locations":[{"start":{"line":19,"column":6},"end":{"line":19,"column":15}},{"start":{"line":19,"column":19},"end":{"line":19,"column":31}}],"line":19},"4":{"loc":{"start":{"line":23,"column":2},"end":{"line":25,"column":3}},"type":"if","locations":[{"start":{"line":23,"column":2},"end":{"line":25,"column":3}},{"start":{},"end":{}}],"line":23},"5":{"loc":{"start":{"line":23,"column":6},"end":{"line":23,"column":56}},"type":"binary-expr","locations":[{"start":{"line":23,"column":6},"end":{"line":23,"column":17}},{"start":{"line":23,"column":21},"end":{"line":23,"column":36}},{"start":{"line":23,"column":40},"end":{"line":23,"column":56}}],"line":23},"6":{"loc":{"start":{"line":27,"column":2},"end":{"line":29,"column":3}},"type":"if","locations":[{"start":{"line":27,"column":2},"end":{"line":29,"column":3}},{"start":{},"end":{}}],"line":27},"7":{"loc":{"start":{"line":27,"column":6},"end":{"line":27,"column":52}},"type":"binary-expr","locations":[{"start":{"line":27,"column":6},"end":{"line":27,"column":26}},{"start":{"line":27,"column":30},"end":{"line":27,"column":52}}],"line":27},"8":{"loc":{"start":{"line":41,"column":2},"end":{"line":43,"column":3}},"type":"if","locations":[{"start":{"line":41,"column":2},"end":{"line":43,"column":3}},{"start":{},"end":{}}],"line":41},"9":{"loc":{"start":{"line":41,"column":6},"end":{"line":41,"column":54}},"type":"binary-expr","locations":[{"start":{"line":41,"column":6},"end":{"line":41,"column":26}},{"start":{"line":41,"column":30},"end":{"line":41,"column":54}}],"line":41},"10":{"loc":{"start":{"line":44,"column":2},"end":{"line":46,"column":3}},"type":"if","locations":[{"start":{"line":44,"column":2},"end":{"line":46,"column":3}},{"start":{},"end":{}}],"line":44},"11":{"loc":{"start":{"line":44,"column":6},"end":{"line":44,"column":50}},"type":"binary-expr","locations":[{"start":{"line":44,"column":6},"end":{"line":44,"column":24}},{"start":{"line":44,"column":28},"end":{"line":44,"column":50}}],"line":44},"12":{"loc":{"start":{"line":47,"column":2},"end":{"line":49,"column":3}},"type":"if","locations":[{"start":{"line":47,"column":2},"end":{"line":49,"column":3}},{"start":{},"end":{}}],"line":47},"13":{"loc":{"start":{"line":47,"column":6},"end":{"line":47,"column":56}},"type":"binary-expr","locations":[{"start":{"line":47,"column":6},"end":{"line":47,"column":17}},{"start":{"line":47,"column":21},"end":{"line":47,"column":36}},{"start":{"line":47,"column":40},"end":{"line":47,"column":56}}],"line":47},"14":{"loc":{"start":{"line":50,"column":2},"end":{"line":52,"column":3}},"type":"if","locations":[{"start":{"line":50,"column":2},"end":{"line":52,"column":3}},{"start":{},"end":{}}],"line":50},"15":{"loc":{"start":{"line":50,"column":6},"end":{"line":50,"column":52}},"type":"binary-expr","locations":[{"start":{"line":50,"column":6},"end":{"line":50,"column":26}},{"start":{"line":50,"column":30},"end":{"line":50,"column":52}}],"line":50},"16":{"loc":{"start":{"line":63,"column":2},"end":{"line":65,"column":3}},"type":"if","locations":[{"start":{"line":63,"column":2},"end":{"line":65,"column":3}},{"start":{},"end":{}}],"line":63},"17":{"loc":{"start":{"line":63,"column":6},"end":{"line":63,"column":42}},"type":"binary-expr","locations":[{"start":{"line":63,"column":6},"end":{"line":63,"column":20}},{"start":{"line":63,"column":24},"end":{"line":63,"column":42}}],"line":63},"18":{"loc":{"start":{"line":67,"column":2},"end":{"line":69,"column":3}},"type":"if","locations":[{"start":{"line":67,"column":2},"end":{"line":69,"column":3}},{"start":{},"end":{}}],"line":67},"19":{"loc":{"start":{"line":67,"column":6},"end":{"line":67,"column":31}},"type":"binary-expr","locations":[{"start":{"line":67,"column":6},"end":{"line":67,"column":15}},{"start":{"line":67,"column":19},"end":{"line":67,"column":31}}],"line":67},"20":{"loc":{"start":{"line":71,"column":2},"end":{"line":73,"column":3}},"type":"if","locations":[{"start":{"line":71,"column":2},"end":{"line":73,"column":3}},{"start":{},"end":{}}],"line":71},"21":{"loc":{"start":{"line":71,"column":6},"end":{"line":71,"column":56}},"type":"binary-expr","locations":[{"start":{"line":71,"column":6},"end":{"line":71,"column":17}},{"start":{"line":71,"column":21},"end":{"line":71,"column":36}},{"start":{"line":71,"column":40},"end":{"line":71,"column":56}}],"line":71},"22":{"loc":{"start":{"line":75,"column":2},"end":{"line":77,"column":3}},"type":"if","locations":[{"start":{"line":75,"column":2},"end":{"line":77,"column":3}},{"start":{},"end":{}}],"line":75},"23":{"loc":{"start":{"line":75,"column":6},"end":{"line":75,"column":52}},"type":"binary-expr","locations":[{"start":{"line":75,"column":6},"end":{"line":75,"column":26}},{"start":{"line":75,"column":30},"end":{"line":75,"column":52}}],"line":75},"24":{"loc":{"start":{"line":84,"column":9},"end":{"line":84,"column":35}},"type":"cond-expr","locations":[{"start":{"line":84,"column":17},"end":{"line":84,"column":30}},{"start":{"line":84,"column":33},"end":{"line":84,"column":35}}],"line":84}},"s":{"0":0,"1":0,"2":0,"3":0,"4":0,"5":0,"6":0,"7":0,"8":0,"9":0,"10":0,"11":0,"12":0,"13":0,"14":0,"15":0,"16":0,"17":0,"18":0,"19":0,"20":0,"21":0,"22":0,"23":0,"24":0,"25":0,"26":0,"27":0,"28":0,"29":0,"30":0,"31":0,"32":0,"33":0,"34":0,"35":0,"36":0,"37":0,"38":0,"39":0,"40":0,"41":0,"42":0,"43":0,"44":0,"45":0,"46":0,"47":0,"48":0},"f":{"0":0,"1":0,"2":0,"3":0,"4":0},"b":{"0":[0,0],"1":[0,0],"2":[0,0],"3":[0,0],"4":[0,0],"5":[0,0,0],"6":[0,0],"7":[0,0],"8":[0,0],"9":[0,0],"10":[0,0],"11":[0,0],"12":[0,0],"13":[0,0,0],"14":[0,0],"15":[0,0],"16":[0,0],"17":[0,0],"18":[0,0],"19":[0,0],"20":[0,0],"21":[0,0,0],"22":[0,0],"23":[0,0],"24":[0,0]}}
,"/Users/sajad/Applications/iosapps/investmentapp/src/types/index.ts": {"path":"/Users/sajad/Applications/iosapps/investmentapp/src/types/index.ts","statementMap":{},"fnMap":{},"branchMap":{},"s":{},"f":{},"b":{}}
,"/Users/sajad/Applications/iosapps/investmentapp/src/utils/export.ts": {"path":"/Users/sajad/Applications/iosapps/investmentapp/src/utils/export.ts","statementMap":{"0":{"start":{"line":6,"column":27},"end":{"line":32,"column":1}},"1":{"start":{"line":7,"column":19},"end":{"line":7,"column":21}},"2":{"start":{"line":8,"column":2},"end":{"line":14,"column":3}},"3":{"start":{"line":9,"column":4},"end":{"line":9,"column":29}},"4":{"start":{"line":10,"column":4},"end":{"line":12,"column":7}},"5":{"start":{"line":11,"column":6},"end":{"line":11,"column":40}},"6":{"start":{"line":13,"column":4},"end":{"line":13,"column":23}},"7":{"start":{"line":15,"column":2},"end":{"line":21,"column":3}},"8":{"start":{"line":16,"column":4},"end":{"line":16,"column":30}},"9":{"start":{"line":17,"column":4},"end":{"line":19,"column":7}},"10":{"start":{"line":18,"column":6},"end":{"line":18,"column":40}},"11":{"start":{"line":20,"column":4},"end":{"line":20,"column":23}},"12":{"start":{"line":22,"column":2},"end":{"line":26,"column":3}},"13":{"start":{"line":23,"column":20},"end":{"line":23,"column":50}},"14":{"start":{"line":24,"column":17},"end":{"line":24,"column":62}},"15":{"start":{"line":24,"column":33},"end":{"line":24,"column":61}},"16":{"start":{"line":25,"column":4},"end":{"line":25,"column":48}},"17":{"start":{"line":27,"column":15},"end":{"line":27,"column":74}},"18":{"start":{"line":28,"column":15},"end":{"line":28,"column":42}},"19":{"start":{"line":29,"column":2},"end":{"line":29,"column":40}},"20":{"start":{"line":30,"column":2},"end":{"line":30,"column":36}},"21":{"start":{"line":31,"column":2},"end":{"line":31,"column":15}},"22":{"start":{"line":34,"column":29},"end":{"line":48,"column":1}},"23":{"start":{"line":35,"column":49},"end":{"line":35,"column":51}},"24":{"start":{"line":36,"column":2},"end":{"line":38,"column":3}},"25":{"start":{"line":37,"column":4},"end":{"line":37,"column":71}},"26":{"start":{"line":39,"column":2},"end":{"line":41,"column":3}},"27":{"start":{"line":40,"column":4},"end":{"line":40,"column":73}},"28":{"start":{"line":42,"column":2},"end":{"line":42,"column":58}},"29":{"start":{"line":43,"column":19},"end":{"line":43,"column":40}},"30":{"start":{"line":44,"column":2},"end":{"line":46,"column":5}},"31":{"start":{"line":45,"column":4},"end":{"line":45,"column":56}},"32":{"start":{"line":47,"column":2},"end":{"line":47,"column":47}},"33":{"start":{"line":50,"column":27},"end":{"line":88,"column":1}},"34":{"start":{"line":51,"column":18},"end":{"line":51,"column":52}},"35":{"start":{"line":52,"column":2},"end":{"line":52,"column":23}},"36":{"start":{"line":52,"column":16},"end":{"line":52,"column":23}},"37":{"start":{"line":53,"column":14},"end":{"line":53,"column":40}},"38":{"start":{"line":54,"column":10},"end":{"line":54,"column":12}},"39":{"start":{"line":55,"column":2},"end":{"line":65,"column":3}},"40":{"start":{"line":56,"column":4},"end":{"line":56,"column":24}},"41":{"start":{"line":57,"column":4},"end":{"line":57,"column":30}},"42":{"start":{"line":58,"column":4},"end":{"line":58,"column":11}},"43":{"start":{"line":59,"column":4},"end":{"line":59,"column":24}},"44":{"start":{"line":60,"column":4},"end":{"line":63,"column":7}},"45":{"start":{"line":61,"column":6},"end":{"line":61,"column":42}},"46":{"start":{"line":62,"column":6},"end":{"line":62,"column":13}},"47":{"start":{"line":64,"column":4},"end":{"line":64,"column":11}},"48":{"start":{"line":66,"column":2},"end":{"line":76,"column":3}},"49":{"start":{"line":67,"column":4},"end":{"line":67,"column":24}},"50":{"start":{"line":68,"column":4},"end":{"line":68,"column":31}},"51":{"start":{"line":69,"column":4},"end":{"line":69,"column":11}},"52":{"start":{"line":70,"column":4},"end":{"line":70,"column":24}},"53":{"start":{"line":71,"column":4},"end":{"line":74,"column":7}},"54":{"start":{"line":72,"column":6},"end":{"line":72,"column":42}},"55":{"start":{"line":73,"column":6},"end":{"line":73,"column":13}},"56":{"start":{"line":75,"column":4},"end":{"line":75,"column":11}},"57":{"start":{"line":78,"column":17},"end":{"line":82,"column":4}},"58":{"start":{"line":83,"column":18},"end":{"line":83,"column":47}},"59":{"start":{"line":84,"column":19},"end":{"line":84,"column":22}},"60":{"start":{"line":85,"column":20},"end":{"line":85,"column":61}},"61":{"start":{"line":86,"column":2},"end":{"line":86,"column":59}},"62":{"start":{"line":87,"column":2},"end":{"line":87,"column":30}},"63":{"start":{"line":90,"column":32},"end":{"line":102,"column":1}},"64":{"start":{"line":91,"column":18},"end":{"line":91,"column":57}},"65":{"start":{"line":92,"column":2},"end":{"line":92,"column":23}},"66":{"start":{"line":92,"column":16},"end":{"line":92,"column":23}},"67":{"start":{"line":93,"column":17},"end":{"line":97,"column":4}},"68":{"start":{"line":98,"column":15},"end":{"line":98,"column":42}},"69":{"start":{"line":99,"column":2},"end":{"line":99,"column":36}},"70":{"start":{"line":100,"column":2},"end":{"line":100,"column":33}},"71":{"start":{"line":101,"column":2},"end":{"line":101,"column":15}},"72":{"start":{"line":104,"column":34},"end":{"line":119,"column":1}},"73":{"start":{"line":105,"column":14},"end":{"line":105,"column":25}},"74":{"start":{"line":106,"column":2},"end":{"line":106,"column":22}},"75":{"start":{"line":107,"column":2},"end":{"line":107,"column":48}},"76":{"start":{"line":108,"column":2},"end":{"line":108,"column":22}},"77":{"start":{"line":109,"column":2},"end":{"line":109,"column":70}},"78":{"start":{"line":110,"column":2},"end":{"line":110,"column":72}},"79":{"start":{"line":111,"column":2},"end":{"line":111,"column":68}},"80":{"start":{"line":112,"column":2},"end":{"line":114,"column":3}},"81":{"start":{"line":113,"column":4},"end":{"line":113,"column":101}},"82":{"start":{"line":115,"column":2},"end":{"line":117,"column":3}},"83":{"start":{"line":116,"column":4},"end":{"line":116,"column":60}},"84":{"start":{"line":118,"column":2},"end":{"line":118,"column":30}}},"fnMap":{"0":{"name":"(anonymous_0)","decl":{"start":{"line":6,"column":27},"end":{"line":6,"column":28}},"loc":{"start":{"line":6,"column":129},"end":{"line":32,"column":1}},"line":6},"1":{"name":"(anonymous_1)","decl":{"start":{"line":10,"column":35},"end":{"line":10,"column":36}},"loc":{"start":{"line":10,"column":53},"end":{"line":12,"column":5}},"line":10},"2":{"name":"(anonymous_2)","decl":{"start":{"line":17,"column":36},"end":{"line":17,"column":37}},"loc":{"start":{"line":17,"column":54},"end":{"line":19,"column":5}},"line":17},"3":{"name":"(anonymous_3)","decl":{"start":{"line":24,"column":26},"end":{"line":24,"column":27}},"loc":{"start":{"line":24,"column":33},"end":{"line":24,"column":61}},"line":24},"4":{"name":"(anonymous_4)","decl":{"start":{"line":34,"column":29},"end":{"line":34,"column":30}},"loc":{"start":{"line":34,"column":131},"end":{"line":48,"column":1}},"line":34},"5":{"name":"(anonymous_5)","decl":{"start":{"line":44,"column":33},"end":{"line":44,"column":34}},"loc":{"start":{"line":44,"column":52},"end":{"line":46,"column":3}},"line":44},"6":{"name":"(anonymous_6)","decl":{"start":{"line":50,"column":27},"end":{"line":50,"column":28}},"loc":{"start":{"line":50,"column":127},"end":{"line":88,"column":1}},"line":50},"7":{"name":"(anonymous_7)","decl":{"start":{"line":60,"column":35},"end":{"line":60,"column":36}},"loc":{"start":{"line":60,"column":53},"end":{"line":63,"column":5}},"line":60},"8":{"name":"(anonymous_8)","decl":{"start":{"line":71,"column":36},"end":{"line":71,"column":37}},"loc":{"start":{"line":71,"column":54},"end":{"line":74,"column":5}},"line":71},"9":{"name":"(anonymous_9)","decl":{"start":{"line":90,"column":32},"end":{"line":90,"column":33}},"loc":{"start":{"line":90,"column":84},"end":{"line":102,"column":1}},"line":90},"10":{"name":"(anonymous_10)","decl":{"start":{"line":104,"column":34},"end":{"line":104,"column":35}},"loc":{"start":{"line":104,"column":78},"end":{"line":119,"column":1}},"line":104}},"branchMap":{"0":{"loc":{"start":{"line":8,"column":2},"end":{"line":14,"column":3}},"type":"if","locations":[{"start":{"line":8,"column":2},"end":{"line":14,"column":3}},{"start":{},"end":{}}],"line":8},"1":{"loc":{"start":{"line":15,"column":2},"end":{"line":21,"column":3}},"type":"if","locations":[{"start":{"line":15,"column":2},"end":{"line":21,"column":3}},{"start":{},"end":{}}],"line":15},"2":{"loc":{"start":{"line":22,"column":2},"end":{"line":26,"column":3}},"type":"if","locations":[{"start":{"line":22,"column":2},"end":{"line":26,"column":3}},{"start":{},"end":{}}],"line":22},"3":{"loc":{"start":{"line":36,"column":2},"end":{"line":38,"column":3}},"type":"if","locations":[{"start":{"line":36,"column":2},"end":{"line":38,"column":3}},{"start":{},"end":{}}],"line":36},"4":{"loc":{"start":{"line":39,"column":2},"end":{"line":41,"column":3}},"type":"if","locations":[{"start":{"line":39,"column":2},"end":{"line":41,"column":3}},{"start":{},"end":{}}],"line":39},"5":{"loc":{"start":{"line":52,"column":2},"end":{"line":52,"column":23}},"type":"if","locations":[{"start":{"line":52,"column":2},"end":{"line":52,"column":23}},{"start":{},"end":{}}],"line":52},"6":{"loc":{"start":{"line":55,"column":2},"end":{"line":65,"column":3}},"type":"if","locations":[{"start":{"line":55,"column":2},"end":{"line":65,"column":3}},{"start":{},"end":{}}],"line":55},"7":{"loc":{"start":{"line":66,"column":2},"end":{"line":76,"column":3}},"type":"if","locations":[{"start":{"line":66,"column":2},"end":{"line":76,"column":3}},{"start":{},"end":{}}],"line":66},"8":{"loc":{"start":{"line":92,"column":2},"end":{"line":92,"column":23}},"type":"if","locations":[{"start":{"line":92,"column":2},"end":{"line":92,"column":23}},{"start":{},"end":{}}],"line":92},"9":{"loc":{"start":{"line":112,"column":2},"end":{"line":114,"column":3}},"type":"if","locations":[{"start":{"line":112,"column":2},"end":{"line":114,"column":3}},{"start":{},"end":{}}],"line":112},"10":{"loc":{"start":{"line":115,"column":2},"end":{"line":117,"column":3}},"type":"if","locations":[{"start":{"line":115,"column":2},"end":{"line":117,"column":3}},{"start":{},"end":{}}],"line":115}},"s":{"0":1,"1":3,"2":3,"3":1,"4":1,"5":4,"6":1,"7":3,"8":1,"9":1,"10":3,"11":1,"12":3,"13":2,"14":2,"15":4,"16":2,"17":3,"18":3,"19":3,"20":3,"21":3,"22":1,"23":2,"24":2,"25":1,"26":2,"27":1,"28":2,"29":2,"30":2,"31":4,"32":2,"33":1,"34":0,"35":0,"36":0,"37":0,"38":0,"39":0,"40":0,"41":0,"42":0,"43":0,"44":0,"45":0,"46":0,"47":0,"48":0,"49":0,"50":0,"51":0,"52":0,"53":0,"54":0,"55":0,"56":0,"57":0,"58":0,"59":0,"60":0,"61":0,"62":0,"63":1,"64":0,"65":0,"66":0,"67":0,"68":0,"69":0,"70":0,"71":0,"72":1,"73":0,"74":0,"75":0,"76":0,"77":0,"78":0,"79":0,"80":0,"81":0,"82":0,"83":0,"84":0},"f":{"0":3,"1":4,"2":3,"3":4,"4":2,"5":4,"6":0,"7":0,"8":0,"9":0,"10":0},"b":{"0":[1,2],"1":[1,2],"2":[2,1],"3":[1,1],"4":[1,1],"5":[0,0],"6":[0,0],"7":[0,0],"8":[0,0],"9":[0,0],"10":[0,0]},"_coverageSchema":"1a1c01bbd47fc00a2c39e90264f33305004495a9","hash":"b331a4964d0d565cd7e6c576a24bbe00e82e6442"}
,"/Users/sajad/Applications/iosapps/investmentapp/src/utils/validation.ts": {"path":"/Users/sajad/Applications/iosapps/investmentapp/src/utils/validation.ts","statementMap":{"0":{"start":{"line":8,"column":41},"end":{"line":32,"column":1}},"1":{"start":{"line":9,"column":36},"end":{"line":9,"column":38}},"2":{"start":{"line":10,"column":27},"end":{"line":10,"column":58}},"3":{"start":{"line":11,"column":19},"end":{"line":11,"column":42}},"4":{"start":{"line":12,"column":21},"end":{"line":12,"column":46}},"5":{"start":{"line":13,"column":27},"end":{"line":13,"column":58}},"6":{"start":{"line":15,"column":2},"end":{"line":17,"column":3}},"7":{"start":{"line":16,"column":4},"end":{"line":16,"column":100}},"8":{"start":{"line":19,"column":2},"end":{"line":21,"column":3}},"9":{"start":{"line":20,"column":4},"end":{"line":20,"column":79}},"10":{"start":{"line":23,"column":2},"end":{"line":25,"column":3}},"11":{"start":{"line":24,"column":4},"end":{"line":24,"column":92}},"12":{"start":{"line":27,"column":2},"end":{"line":29,"column":3}},"13":{"start":{"line":28,"column":4},"end":{"line":28,"column":104}},"14":{"start":{"line":31,"column":2},"end":{"line":31,"column":16}},"15":{"start":{"line":34,"column":35},"end":{"line":54,"column":1}},"16":{"start":{"line":35,"column":36},"end":{"line":35,"column":38}},"17":{"start":{"line":36,"column":30},"end":{"line":36,"column":64}},"18":{"start":{"line":37,"column":28},"end":{"line":37,"column":60}},"19":{"start":{"line":38,"column":21},"end":{"line":38,"column":46}},"20":{"start":{"line":39,"column":27},"end":{"line":39,"column":58}},"21":{"start":{"line":41,"column":2},"end":{"line":43,"column":3}},"22":{"start":{"line":42,"column":4},"end":{"line":42,"column":107}},"23":{"start":{"line":44,"column":2},"end":{"line":46,"column":3}},"24":{"start":{"line":45,"column":4},"end":{"line":45,"column":102}},"25":{"start":{"line":47,"column":2},"end":{"line":49,"column":3}},"26":{"start":{"line":48,"column":4},"end":{"line":48,"column":92}},"27":{"start":{"line":50,"column":2},"end":{"line":52,"column":3}},"28":{"start":{"line":51,"column":4},"end":{"line":51,"column":104}},"29":{"start":{"line":53,"column":2},"end":{"line":53,"column":16}},"30":{"start":{"line":56,"column":41},"end":{"line":80,"column":1}},"31":{"start":{"line":57,"column":36},"end":{"line":57,"column":38}},"32":{"start":{"line":58,"column":24},"end":{"line":58,"column":52}},"33":{"start":{"line":59,"column":19},"end":{"line":59,"column":42}},"34":{"start":{"line":60,"column":21},"end":{"line":60,"column":46}},"35":{"start":{"line":61,"column":27},"end":{"line":61,"column":58}},"36":{"start":{"line":63,"column":2},"end":{"line":65,"column":3}},"37":{"start":{"line":64,"column":4},"end":{"line":64,"column":94}},"38":{"start":{"line":67,"column":2},"end":{"line":69,"column":3}},"39":{"start":{"line":68,"column":4},"end":{"line":68,"column":85}},"40":{"start":{"line":71,"column":2},"end":{"line":73,"column":3}},"41":{"start":{"line":72,"column":4},"end":{"line":72,"column":92}},"42":{"start":{"line":75,"column":2},"end":{"line":77,"column":3}},"43":{"start":{"line":76,"column":4},"end":{"line":76,"column":104}},"44":{"start":{"line":79,"column":2},"end":{"line":79,"column":16}},"45":{"start":{"line":82,"column":31},"end":{"line":85,"column":1}},"46":{"start":{"line":83,"column":16},"end":{"line":83,"column":55}},"47":{"start":{"line":83,"column":35},"end":{"line":83,"column":54}},"48":{"start":{"line":84,"column":2},"end":{"line":84,"column":36}}},"fnMap":{"0":{"name":"(anonymous_0)","decl":{"start":{"line":8,"column":41},"end":{"line":8,"column":42}},"loc":{"start":{"line":8,"column":97},"end":{"line":32,"column":1}},"line":8},"1":{"name":"(anonymous_1)","decl":{"start":{"line":34,"column":35},"end":{"line":34,"column":36}},"loc":{"start":{"line":34,"column":85},"end":{"line":54,"column":1}},"line":34},"2":{"name":"(anonymous_2)","decl":{"start":{"line":56,"column":41},"end":{"line":56,"column":42}},"loc":{"start":{"line":56,"column":97},"end":{"line":80,"column":1}},"line":56},"3":{"name":"(anonymous_3)","decl":{"start":{"line":82,"column":31},"end":{"line":82,"column":32}},"loc":{"start":{"line":82,"column":85},"end":{"line":85,"column":1}},"line":82},"4":{"name":"(anonymous_4)","decl":{"start":{"line":83,"column":28},"end":{"line":83,"column":29}},"loc":{"start":{"line":83,"column":35},"end":{"line":83,"column":54}},"line":83}},"branchMap":{"0":{"loc":{"start":{"line":15,"column":2},"end":{"line":17,"column":3}},"type":"if","locations":[{"start":{"line":15,"column":2},"end":{"line":17,"column":3}},{"start":{},"end":{}}],"line":15},"1":{"loc":{"start":{"line":15,"column":6},"end":{"line":15,"column":48}},"type":"binary-expr","locations":[{"start":{"line":15,"column":6},"end":{"line":15,"column":23}},{"start":{"line":15,"column":27},"end":{"line":15,"column":48}}],"line":15},"2":{"loc":{"start":{"line":19,"column":2},"end":{"line":21,"column":3}},"type":"if","locations":[{"start":{"line":19,"column":2},"end":{"line":21,"column":3}},{"start":{},"end":{}}],"line":19},"3":{"loc":{"start":{"line":19,"column":6},"end":{"line":19,"column":31}},"type":"binary-expr","locations":[{"start":{"line":19,"column":6},"end":{"line":19,"column":15}},{"start":{"line":19,"column":19},"end":{"line":19,"column":31}}],"line":19},"4":{"loc":{"start":{"line":23,"column":2},"end":{"line":25,"column":3}},"type":"if","locations":[{"start":{"line":23,"column":2},"end":{"line":25,"column":3}},{"start":{},"end":{}}],"line":23},"5":{"loc":{"start":{"line":23,"column":6},"end":{"line":23,"column":56}},"type":"binary-expr","locations":[{"start":{"line":23,"column":6},"end":{"line":23,"column":17}},{"start":{"line":23,"column":21},"end":{"line":23,"column":36}},{"start":{"line":23,"column":40},"end":{"line":23,"column":56}}],"line":23},"6":{"loc":{"start":{"line":27,"column":2},"end":{"line":29,"column":3}},"type":"if","locations":[{"start":{"line":27,"column":2},"end":{"line":29,"column":3}},{"start":{},"end":{}}],"line":27},"7":{"loc":{"start":{"line":27,"column":6},"end":{"line":27,"column":52}},"type":"binary-expr","locations":[{"start":{"line":27,"column":6},"end":{"line":27,"column":26}},{"start":{"line":27,"column":30},"end":{"line":27,"column":52}}],"line":27},"8":{"loc":{"start":{"line":41,"column":2},"end":{"line":43,"column":3}},"type":"if","locations":[{"start":{"line":41,"column":2},"end":{"line":43,"column":3}},{"start":{},"end":{}}],"line":41},"9":{"loc":{"start":{"line":41,"column":6},"end":{"line":41,"column":54}},"type":"binary-expr","locations":[{"start":{"line":41,"column":6},"end":{"line":41,"column":26}},{"start":{"line":41,"column":30},"end":{"line":41,"column":54}}],"line":41},"10":{"loc":{"start":{"line":44,"column":2},"end":{"line":46,"column":3}},"type":"if","locations":[{"start":{"line":44,"column":2},"end":{"line":46,"column":3}},{"start":{},"end":{}}],"line":44},"11":{"loc":{"start":{"line":44,"column":6},"end":{"line":44,"column":50}},"type":"binary-expr","locations":[{"start":{"line":44,"column":6},"end":{"line":44,"column":24}},{"start":{"line":44,"column":28},"end":{"line":44,"column":50}}],"line":44},"12":{"loc":{"start":{"line":47,"column":2},"end":{"line":49,"column":3}},"type":"if","locations":[{"start":{"line":47,"column":2},"end":{"line":49,"column":3}},{"start":{},"end":{}}],"line":47},"13":{"loc":{"start":{"line":47,"column":6},"end":{"line":47,"column":56}},"type":"binary-expr","locations":[{"start":{"line":47,"column":6},"end":{"line":47,"column":17}},{"start":{"line":47,"column":21},"end":{"line":47,"column":36}},{"start":{"line":47,"column":40},"end":{"line":47,"column":56}}],"line":47},"14":{"loc":{"start":{"line":50,"column":2},"end":{"line":52,"column":3}},"type":"if","locations":[{"start":{"line":50,"column":2},"end":{"line":52,"column":3}},{"start":{},"end":{}}],"line":50},"15":{"loc":{"start":{"line":50,"column":6},"end":{"line":50,"column":52}},"type":"binary-expr","locations":[{"start":{"line":50,"column":6},"end":{"line":50,"column":26}},{"start":{"line":50,"column":30},"end":{"line":50,"column":52}}],"line":50},"16":{"loc":{"start":{"line":63,"column":2},"end":{"line":65,"column":3}},"type":"if","locations":[{"start":{"line":63,"column":2},"end":{"line":65,"column":3}},{"start":{},"end":{}}],"line":63},"17":{"loc":{"start":{"line":63,"column":6},"end":{"line":63,"column":42}},"type":"binary-expr","locations":[{"start":{"line":63,"column":6},"end":{"line":63,"column":20}},{"start":{"line":63,"column":24},"end":{"line":63,"column":42}}],"line":63},"18":{"loc":{"start":{"line":67,"column":2},"end":{"line":69,"column":3}},"type":"if","locations":[{"start":{"line":67,"column":2},"end":{"line":69,"column":3}},{"start":{},"end":{}}],"line":67},"19":{"loc":{"start":{"line":67,"column":6},"end":{"line":67,"column":31}},"type":"binary-expr","locations":[{"start":{"line":67,"column":6},"end":{"line":67,"column":15}},{"start":{"line":67,"column":19},"end":{"line":67,"column":31}}],"line":67},"20":{"loc":{"start":{"line":71,"column":2},"end":{"line":73,"column":3}},"type":"if","locations":[{"start":{"line":71,"column":2},"end":{"line":73,"column":3}},{"start":{},"end":{}}],"line":71},"21":{"loc":{"start":{"line":71,"column":6},"end":{"line":71,"column":56}},"type":"binary-expr","locations":[{"start":{"line":71,"column":6},"end":{"line":71,"column":17}},{"start":{"line":71,"column":21},"end":{"line":71,"column":36}},{"start":{"line":71,"column":40},"end":{"line":71,"column":56}}],"line":71},"22":{"loc":{"start":{"line":75,"column":2},"end":{"line":77,"column":3}},"type":"if","locations":[{"start":{"line":75,"column":2},"end":{"line":77,"column":3}},{"start":{},"end":{}}],"line":75},"23":{"loc":{"start":{"line":75,"column":6},"end":{"line":75,"column":52}},"type":"binary-expr","locations":[{"start":{"line":75,"column":6},"end":{"line":75,"column":26}},{"start":{"line":75,"column":30},"end":{"line":75,"column":52}}],"line":75},"24":{"loc":{"start":{"line":84,"column":9},"end":{"line":84,"column":35}},"type":"cond-expr","locations":[{"start":{"line":84,"column":17},"end":{"line":84,"column":30}},{"start":{"line":84,"column":33},"end":{"line":84,"column":35}}],"line":84}},"s":{"0":1,"1":6,"2":6,"3":6,"4":6,"5":6,"6":6,"7":2,"8":6,"9":2,"10":6,"11":2,"12":6,"13":2,"14":6,"15":1,"16":4,"17":4,"18":4,"19":4,"20":4,"21":4,"22":1,"23":4,"24":1,"25":4,"26":1,"27":4,"28":0,"29":4,"30":1,"31":3,"32":3,"33":3,"34":3,"35":3,"36":3,"37":1,"38":3,"39":1,"40":3,"41":0,"42":3,"43":0,"44":3,"45":1,"46":3,"47":2,"48":3},"f":{"0":6,"1":4,"2":3,"3":3,"4":2},"b":{"0":[2,4],"1":[6,4],"2":[2,4],"3":[6,4],"4":[2,4],"5":[6,6,6],"6":[2,4],"7":[6,4],"8":[1,3],"9":[4,3],"10":[1,3],"11":[4,3],"12":[1,3],"13":[4,3,3],"14":[0,4],"15":[4,4],"16":[1,2],"17":[3,2],"18":[1,2],"19":[3,2],"20":[0,3],"21":[3,3,3],"22":[0,3],"23":[3,3],"24":[1,2]},"_coverageSchema":"1a1c01bbd47fc00a2c39e90264f33305004495a9","hash":"182fb01f8c971973657c328ecc4bf22d1fc8b2b0"}
,"/Users/sajad/Applications/iosapps/investmentapp/src/views/CreditsView.tsx": {"path":"/Users/sajad/Applications/iosapps/investmentapp/src/views/CreditsView.tsx","statementMap":{"0":{"start":{"line":4,"column":30},"end":{"line":24,"column":1}},"1":{"start":{"line":5,"column":16},"end":{"line":5,"column":32}},"2":{"start":{"line":6,"column":2},"end":{"line":23,"column":4}}},"fnMap":{"0":{"name":"(anonymous_0)","decl":{"start":{"line":4,"column":30},"end":{"line":4,"column":31}},"loc":{"start":{"line":4,"column":36},"end":{"line":24,"column":1}},"line":4}},"branchMap":{},"s":{"0":0,"1":0,"2":0},"f":{"0":0},"b":{}}
,"/Users/sajad/Applications/iosapps/investmentapp/src/views/GoalPlannerView.tsx": {"path":"/Users/sajad/Applications/iosapps/investmentapp/src/views/GoalPlannerView.tsx","statementMap":{"0":{"start":{"line":22,"column":48},"end":{"line":312,"column":1}},"1":{"start":{"line":32,"column":16},"end":{"line":32,"column":32}},"2":{"start":{"line":34,"column":28},"end":{"line":40,"column":3}},"3":{"start":{"line":35,"column":34},"end":{"line":35,"column":42}},"4":{"start":{"line":36,"column":4},"end":{"line":39,"column":8}},"5":{"start":{"line":36,"column":25},"end":{"line":39,"column":5}},"6":{"start":{"line":42,"column":19},"end":{"line":51,"column":3}},"7":{"start":{"line":43,"column":4},"end":{"line":43,"column":23}},"8":{"start":{"line":44,"column":29},"end":{"line":44,"column":56}},"9":{"start":{"line":45,"column":4},"end":{"line":45,"column":32}},"10":{"start":{"line":46,"column":4},"end":{"line":50,"column":5}},"11":{"start":{"line":47,"column":61},"end":{"line":47,"column":89}},"12":{"start":{"line":48,"column":6},"end":{"line":48,"column":30}},"13":{"start":{"line":49,"column":6},"end":{"line":49,"column":30}},"14":{"start":{"line":53,"column":23},"end":{"line":68,"column":3}},"15":{"start":{"line":54,"column":4},"end":{"line":54,"column":37}},"16":{"start":{"line":54,"column":30},"end":{"line":54,"column":37}},"17":{"start":{"line":55,"column":21},"end":{"line":55,"column":77}},"18":{"start":{"line":56,"column":24},"end":{"line":56,"column":30}},"19":{"start":{"line":57,"column":4},"end":{"line":67,"column":5}},"20":{"start":{"line":59,"column":8},"end":{"line":59,"column":74}},"21":{"start":{"line":60,"column":8},"end":{"line":60,"column":14}},"22":{"start":{"line":62,"column":8},"end":{"line":62,"column":76}},"23":{"start":{"line":63,"column":8},"end":{"line":63,"column":14}},"24":{"start":{"line":65,"column":8},"end":{"line":65,"column":87}},"25":{"start":{"line":66,"column":8},"end":{"line":66,"column":14}},"26":{"start":{"line":70,"column":28},"end":{"line":72,"column":3}},"27":{"start":{"line":71,"column":4},"end":{"line":71,"column":91}},"28":{"start":{"line":74,"column":22},"end":{"line":79,"column":3}},"29":{"start":{"line":75,"column":4},"end":{"line":75,"column":34}},"30":{"start":{"line":76,"column":4},"end":{"line":76,"column":19}},"31":{"start":{"line":77,"column":4},"end":{"line":77,"column":21}},"32":{"start":{"line":78,"column":4},"end":{"line":78,"column":18}},"33":{"start":{"line":81,"column":2},"end":{"line":311,"column":4}},"34":{"start":{"line":235,"column":22},"end":{"line":235,"column":78}},"35":{"start":{"line":235,"column":66},"end":{"line":235,"column":78}},"36":{"start":{"line":236,"column":44},"end":{"line":236,"column":71}},"37":{"start":{"line":237,"column":45},"end":{"line":237,"column":73}},"38":{"start":{"line":238,"column":46},"end":{"line":238,"column":83}},"39":{"start":{"line":239,"column":22},"end":{"line":246,"column":24}},"40":{"start":{"line":262,"column":39},"end":{"line":262,"column":58}},"41":{"start":{"line":265,"column":39},"end":{"line":265,"column":59}},"42":{"start":{"line":268,"column":39},"end":{"line":268,"column":58}},"43":{"start":{"line":286,"column":20},"end":{"line":302,"column":25}}},"fnMap":{"0":{"name":"(anonymous_0)","decl":{"start":{"line":22,"column":48},"end":{"line":22,"column":49}},"loc":{"start":{"line":31,"column":6},"end":{"line":312,"column":1}},"line":31},"1":{"name":"(anonymous_1)","decl":{"start":{"line":34,"column":28},"end":{"line":34,"column":29}},"loc":{"start":{"line":34,"column":72},"end":{"line":40,"column":3}},"line":34},"2":{"name":"(anonymous_2)","decl":{"start":{"line":36,"column":14},"end":{"line":36,"column":15}},"loc":{"start":{"line":36,"column":25},"end":{"line":39,"column":5}},"line":36},"3":{"name":"(anonymous_3)","decl":{"start":{"line":42,"column":19},"end":{"line":42,"column":20}},"loc":{"start":{"line":42,"column":43},"end":{"line":51,"column":3}},"line":42},"4":{"name":"(anonymous_4)","decl":{"start":{"line":53,"column":23},"end":{"line":53,"column":24}},"loc":{"start":{"line":53,"column":59},"end":{"line":68,"column":3}},"line":53},"5":{"name":"(anonymous_5)","decl":{"start":{"line":70,"column":28},"end":{"line":70,"column":29}},"loc":{"start":{"line":70,"column":34},"end":{"line":72,"column":3}},"line":70},"6":{"name":"(anonymous_6)","decl":{"start":{"line":74,"column":22},"end":{"line":74,"column":23}},"loc":{"start":{"line":74,"column":28},"end":{"line":79,"column":3}},"line":74},"7":{"name":"(anonymous_7)","decl":{"start":{"line":234,"column":29},"end":{"line":234,"column":30}},"loc":{"start":{"line":234,"column":61},"end":{"line":247,"column":21}},"line":234},"8":{"name":"(anonymous_8)","decl":{"start":{"line":262,"column":33},"end":{"line":262,"column":34}},"loc":{"start":{"line":262,"column":39},"end":{"line":262,"column":58}},"line":262},"9":{"name":"(anonymous_9)","decl":{"start":{"line":265,"column":33},"end":{"line":265,"column":34}},"loc":{"start":{"line":265,"column":39},"end":{"line":265,"column":59}},"line":265},"10":{"name":"(anonymous_10)","decl":{"start":{"line":268,"column":33},"end":{"line":268,"column":34}},"loc":{"start":{"line":268,"column":39},"end":{"line":268,"column":58}},"line":268},"11":{"name":"(anonymous_11)","decl":{"start":{"line":285,"column":31},"end":{"line":285,"column":32}},"loc":{"start":{"line":286,"column":20},"end":{"line":302,"column":25}},"line":286}},"branchMap":{"0":{"loc":{"start":{"line":38,"column":14},"end":{"line":38,"column":75}},"type":"cond-expr","locations":[{"start":{"line":38,"column":54},"end":{"line":38,"column":67}},{"start":{"line":38,"column":70},"end":{"line":38,"column":75}}],"line":38},"1":{"loc":{"start":{"line":38,"column":14},"end":{"line":38,"column":51}},"type":"binary-expr","locations":[{"start":{"line":38,"column":14},"end":{"line":38,"column":31}},{"start":{"line":38,"column":35},"end":{"line":38,"column":51}}],"line":38},"2":{"loc":{"start":{"line":46,"column":4},"end":{"line":50,"column":5}},"type":"if","locations":[{"start":{"line":46,"column":4},"end":{"line":50,"column":5}},{"start":{},"end":{}}],"line":46},"3":{"loc":{"start":{"line":54,"column":4},"end":{"line":54,"column":37}},"type":"if","locations":[{"start":{"line":54,"column":4},"end":{"line":54,"column":37}},{"start":{},"end":{}}],"line":54},"4":{"loc":{"start":{"line":57,"column":4},"end":{"line":67,"column":5}},"type":"switch","locations":[{"start":{"line":58,"column":6},"end":{"line":60,"column":14}},{"start":{"line":61,"column":6},"end":{"line":63,"column":14}},{"start":{"line":64,"column":6},"end":{"line":66,"column":14}}],"line":57},"5":{"loc":{"start":{"line":59,"column":52},"end":{"line":59,"column":72}},"type":"binary-expr","locations":[{"start":{"line":59,"column":52},"end":{"line":59,"column":59}},{"start":{"line":59,"column":63},"end":{"line":59,"column":72}}],"line":59},"6":{"loc":{"start":{"line":62,"column":54},"end":{"line":62,"column":74}},"type":"binary-expr","locations":[{"start":{"line":62,"column":54},"end":{"line":62,"column":61}},{"start":{"line":62,"column":65},"end":{"line":62,"column":74}}],"line":62},"7":{"loc":{"start":{"line":65,"column":65},"end":{"line":65,"column":85}},"type":"binary-expr","locations":[{"start":{"line":65,"column":65},"end":{"line":65,"column":72}},{"start":{"line":65,"column":76},"end":{"line":65,"column":85}}],"line":65},"8":{"loc":{"start":{"line":108,"column":15},"end":{"line":110,"column":15}},"type":"binary-expr","locations":[{"start":{"line":108,"column":15},"end":{"line":108,"column":61}},{"start":{"line":109,"column":16},"end":{"line":109,"column":109}}],"line":108},"9":{"loc":{"start":{"line":125,"column":15},"end":{"line":127,"column":15}},"type":"binary-expr","locations":[{"start":{"line":125,"column":15},"end":{"line":125,"column":59}},{"start":{"line":126,"column":16},"end":{"line":126,"column":107}}],"line":125},"10":{"loc":{"start":{"line":142,"column":15},"end":{"line":144,"column":15}},"type":"binary-expr","locations":[{"start":{"line":142,"column":15},"end":{"line":142,"column":52}},{"start":{"line":143,"column":16},"end":{"line":143,"column":100}}],"line":142},"11":{"loc":{"start":{"line":161,"column":15},"end":{"line":163,"column":15}},"type":"binary-expr","locations":[{"start":{"line":161,"column":15},"end":{"line":161,"column":58}},{"start":{"line":162,"column":16},"end":{"line":162,"column":106}}],"line":161},"12":{"loc":{"start":{"line":175,"column":7},"end":{"line":309,"column":7}},"type":"binary-expr","locations":[{"start":{"line":175,"column":7},"end":{"line":175,"column":25}},{"start":{"line":176,"column":8},"end":{"line":308,"column":11}}],"line":175},"13":{"loc":{"start":{"line":184,"column":34},"end":{"line":184,"column":63}},"type":"binary-expr","locations":[{"start":{"line":184,"column":34},"end":{"line":184,"column":58}},{"start":{"line":184,"column":62},"end":{"line":184,"column":63}}],"line":184},"14":{"loc":{"start":{"line":190,"column":34},"end":{"line":190,"column":59}},"type":"binary-expr","locations":[{"start":{"line":190,"column":34},"end":{"line":190,"column":54}},{"start":{"line":190,"column":58},"end":{"line":190,"column":59}}],"line":190},"15":{"loc":{"start":{"line":196,"column":34},"end":{"line":196,"column":60}},"type":"binary-expr","locations":[{"start":{"line":196,"column":34},"end":{"line":196,"column":55}},{"start":{"line":196,"column":59},"end":{"line":196,"column":60}}],"line":196},"16":{"loc":{"start":{"line":202,"column":34},"end":{"line":202,"column":58}},"type":"binary-expr","locations":[{"start":{"line":202,"column":34},"end":{"line":202,"column":53}},{"start":{"line":202,"column":57},"end":{"line":202,"column":58}}],"line":202},"17":{"loc":{"start":{"line":206,"column":13},"end":{"line":217,"column":13}},"type":"binary-expr","locations":[{"start":{"line":206,"column":13},"end":{"line":206,"column":40}},{"start":{"line":207,"column":14},"end":{"line":216,"column":20}}],"line":206},"18":{"loc":{"start":{"line":209,"column":19},"end":{"line":213,"column":51}},"type":"cond-expr","locations":[{"start":{"line":210,"column":22},"end":{"line":212,"column":24}},{"start":{"line":213,"column":22},"end":{"line":213,"column":51}}],"line":209},"19":{"loc":{"start":{"line":235,"column":22},"end":{"line":235,"column":78}},"type":"if","locations":[{"start":{"line":235,"column":22},"end":{"line":235,"column":78}},{"start":{},"end":{}}],"line":235},"20":{"loc":{"start":{"line":235,"column":26},"end":{"line":235,"column":64}},"type":"binary-expr","locations":[{"start":{"line":235,"column":26},"end":{"line":235,"column":33}},{"start":{"line":235,"column":37},"end":{"line":235,"column":45}},{"start":{"line":235,"column":49},"end":{"line":235,"column":64}}],"line":235},"21":{"loc":{"start":{"line":242,"column":90},"end":{"line":242,"column":108}},"type":"binary-expr","locations":[{"start":{"line":242,"column":90},"end":{"line":242,"column":103}},{"start":{"line":242,"column":107},"end":{"line":242,"column":108}}],"line":242},"22":{"loc":{"start":{"line":243,"column":91},"end":{"line":243,"column":110}},"type":"binary-expr","locations":[{"start":{"line":243,"column":91},"end":{"line":243,"column":105}},{"start":{"line":243,"column":109},"end":{"line":243,"column":110}}],"line":243},"23":{"loc":{"start":{"line":244,"column":99},"end":{"line":244,"column":119}},"type":"binary-expr","locations":[{"start":{"line":244,"column":99},"end":{"line":244,"column":114}},{"start":{"line":244,"column":118},"end":{"line":244,"column":119}}],"line":244},"24":{"loc":{"start":{"line":291,"column":40},"end":{"line":291,"column":69}},"type":"binary-expr","locations":[{"start":{"line":291,"column":40},"end":{"line":291,"column":64}},{"start":{"line":291,"column":68},"end":{"line":291,"column":69}}],"line":291}},"s":{"0":0,"1":0,"2":0,"3":0,"4":0,"5":0,"6":0,"7":0,"8":0,"9":0,"10":0,"11":0,"12":0,"13":0,"14":0,"15":0,"16":0,"17":0,"18":0,"19":0,"20":0,"21":0,"22":0,"23":0,"24":0,"25":0,"26":0,"27":0,"28":0,"29":0,"30":0,"31":0,"32":0,"33":0,"34":0,"35":0,"36":0,"37":0,"38":0,"39":0,"40":0,"41":0,"42":0,"43":0},"f":{"0":0,"1":0,"2":0,"3":0,"4":0,"5":0,"6":0,"7":0,"8":0,"9":0,"10":0,"11":0},"b":{"0":[0,0],"1":[0,0],"2":[0,0],"3":[0,0],"4":[0,0,0],"5":[0,0],"6":[0,0],"7":[0,0],"8":[0,0],"9":[0,0],"10":[0,0],"11":[0,0],"12":[0,0],"13":[0,0],"14":[0,0],"15":[0,0],"16":[0,0],"17":[0,0],"18":[0,0],"19":[0,0],"20":[0,0,0],"21":[0,0],"22":[0,0],"23":[0,0],"24":[0,0]}}
,"/Users/sajad/Applications/iosapps/investmentapp/src/views/MonthlyInvestmentView.tsx": {"path":"/Users/sajad/Applications/iosapps/investmentapp/src/views/MonthlyInvestmentView.tsx","statementMap":{"0":{"start":{"line":22,"column":60},"end":{"line":304,"column":1}},"1":{"start":{"line":32,"column":16},"end":{"line":32,"column":32}},"2":{"start":{"line":34,"column":28},"end":{"line":40,"column":3}},"3":{"start":{"line":35,"column":34},"end":{"line":35,"column":42}},"4":{"start":{"line":36,"column":4},"end":{"line":39,"column":8}},"5":{"start":{"line":36,"column":25},"end":{"line":39,"column":5}},"6":{"start":{"line":42,"column":19},"end":{"line":51,"column":3}},"7":{"start":{"line":43,"column":4},"end":{"line":43,"column":23}},"8":{"start":{"line":44,"column":29},"end":{"line":44,"column":62}},"9":{"start":{"line":45,"column":4},"end":{"line":45,"column":32}},"10":{"start":{"line":46,"column":4},"end":{"line":50,"column":5}},"11":{"start":{"line":47,"column":61},"end":{"line":47,"column":95}},"12":{"start":{"line":48,"column":6},"end":{"line":48,"column":30}},"13":{"start":{"line":49,"column":6},"end":{"line":49,"column":30}},"14":{"start":{"line":53,"column":23},"end":{"line":68,"column":3}},"15":{"start":{"line":54,"column":4},"end":{"line":54,"column":37}},"16":{"start":{"line":54,"column":30},"end":{"line":54,"column":37}},"17":{"start":{"line":55,"column":21},"end":{"line":55,"column":83}},"18":{"start":{"line":56,"column":24},"end":{"line":56,"column":30}},"19":{"start":{"line":57,"column":4},"end":{"line":67,"column":5}},"20":{"start":{"line":59,"column":8},"end":{"line":59,"column":74}},"21":{"start":{"line":60,"column":8},"end":{"line":60,"column":14}},"22":{"start":{"line":62,"column":8},"end":{"line":62,"column":76}},"23":{"start":{"line":63,"column":8},"end":{"line":63,"column":14}},"24":{"start":{"line":65,"column":8},"end":{"line":65,"column":90}},"25":{"start":{"line":66,"column":8},"end":{"line":66,"column":14}},"26":{"start":{"line":70,"column":28},"end":{"line":72,"column":3}},"27":{"start":{"line":71,"column":4},"end":{"line":71,"column":97}},"28":{"start":{"line":74,"column":26},"end":{"line":84,"column":3}},"29":{"start":{"line":75,"column":4},"end":{"line":75,"column":28}},"30":{"start":{"line":75,"column":18},"end":{"line":75,"column":28}},"31":{"start":{"line":76,"column":26},"end":{"line":76,"column":99}},"32":{"start":{"line":76,"column":58},"end":{"line":76,"column":95}},"33":{"start":{"line":77,"column":24},"end":{"line":77,"column":43}},"34":{"start":{"line":78,"column":25},"end":{"line":78,"column":45}},"35":{"start":{"line":79,"column":4},"end":{"line":83,"column":6}},"36":{"start":{"line":86,"column":22},"end":{"line":91,"column":3}},"37":{"start":{"line":87,"column":4},"end":{"line":87,"column":40}},"38":{"start":{"line":88,"column":4},"end":{"line":88,"column":19}},"39":{"start":{"line":89,"column":4},"end":{"line":89,"column":21}},"40":{"start":{"line":90,"column":4},"end":{"line":90,"column":18}},"41":{"start":{"line":93,"column":2},"end":{"line":303,"column":4}},"42":{"start":{"line":234,"column":50},"end":{"line":234,"column":90}},"43":{"start":{"line":240,"column":22},"end":{"line":240,"column":71}},"44":{"start":{"line":243,"column":57},"end":{"line":243,"column":93}},"45":{"start":{"line":254,"column":39},"end":{"line":254,"column":58}},"46":{"start":{"line":257,"column":39},"end":{"line":257,"column":59}},"47":{"start":{"line":260,"column":39},"end":{"line":260,"column":58}},"48":{"start":{"line":278,"column":20},"end":{"line":294,"column":25}}},"fnMap":{"0":{"name":"(anonymous_0)","decl":{"start":{"line":22,"column":60},"end":{"line":22,"column":61}},"loc":{"start":{"line":31,"column":6},"end":{"line":304,"column":1}},"line":31},"1":{"name":"(anonymous_1)","decl":{"start":{"line":34,"column":28},"end":{"line":34,"column":29}},"loc":{"start":{"line":34,"column":72},"end":{"line":40,"column":3}},"line":34},"2":{"name":"(anonymous_2)","decl":{"start":{"line":36,"column":14},"end":{"line":36,"column":15}},"loc":{"start":{"line":36,"column":25},"end":{"line":39,"column":5}},"line":36},"3":{"name":"(anonymous_3)","decl":{"start":{"line":42,"column":19},"end":{"line":42,"column":20}},"loc":{"start":{"line":42,"column":43},"end":{"line":51,"column":3}},"line":42},"4":{"name":"(anonymous_4)","decl":{"start":{"line":53,"column":23},"end":{"line":53,"column":24}},"loc":{"start":{"line":53,"column":59},"end":{"line":68,"column":3}},"line":53},"5":{"name":"(anonymous_5)","decl":{"start":{"line":70,"column":28},"end":{"line":70,"column":29}},"loc":{"start":{"line":70,"column":34},"end":{"line":72,"column":3}},"line":70},"6":{"name":"(anonymous_6)","decl":{"start":{"line":74,"column":26},"end":{"line":74,"column":27}},"loc":{"start":{"line":74,"column":32},"end":{"line":84,"column":3}},"line":74},"7":{"name":"(anonymous_7)","decl":{"start":{"line":76,"column":41},"end":{"line":76,"column":42}},"loc":{"start":{"line":76,"column":58},"end":{"line":76,"column":95}},"line":76},"8":{"name":"(anonymous_8)","decl":{"start":{"line":86,"column":22},"end":{"line":86,"column":23}},"loc":{"start":{"line":86,"column":28},"end":{"line":91,"column":3}},"line":86},"9":{"name":"(anonymous_9)","decl":{"start":{"line":234,"column":27},"end":{"line":234,"column":28}},"loc":{"start":{"line":234,"column":50},"end":{"line":234,"column":90}},"line":234},"10":{"name":"(anonymous_10)","decl":{"start":{"line":239,"column":43},"end":{"line":239,"column":44}},"loc":{"start":{"line":240,"column":22},"end":{"line":240,"column":71}},"line":240},"11":{"name":"(anonymous_11)","decl":{"start":{"line":243,"column":38},"end":{"line":243,"column":39}},"loc":{"start":{"line":243,"column":57},"end":{"line":243,"column":93}},"line":243},"12":{"name":"(anonymous_12)","decl":{"start":{"line":254,"column":33},"end":{"line":254,"column":34}},"loc":{"start":{"line":254,"column":39},"end":{"line":254,"column":58}},"line":254},"13":{"name":"(anonymous_13)","decl":{"start":{"line":257,"column":33},"end":{"line":257,"column":34}},"loc":{"start":{"line":257,"column":39},"end":{"line":257,"column":59}},"line":257},"14":{"name":"(anonymous_14)","decl":{"start":{"line":260,"column":33},"end":{"line":260,"column":34}},"loc":{"start":{"line":260,"column":39},"end":{"line":260,"column":58}},"line":260},"15":{"name":"(anonymous_15)","decl":{"start":{"line":277,"column":31},"end":{"line":277,"column":32}},"loc":{"start":{"line":278,"column":20},"end":{"line":294,"column":25}},"line":278}},"branchMap":{"0":{"loc":{"start":{"line":38,"column":14},"end":{"line":38,"column":75}},"type":"cond-expr","locations":[{"start":{"line":38,"column":54},"end":{"line":38,"column":67}},{"start":{"line":38,"column":70},"end":{"line":38,"column":75}}],"line":38},"1":{"loc":{"start":{"line":38,"column":14},"end":{"line":38,"column":51}},"type":"binary-expr","locations":[{"start":{"line":38,"column":14},"end":{"line":38,"column":31}},{"start":{"line":38,"column":35},"end":{"line":38,"column":51}}],"line":38},"2":{"loc":{"start":{"line":46,"column":4},"end":{"line":50,"column":5}},"type":"if","locations":[{"start":{"line":46,"column":4},"end":{"line":50,"column":5}},{"start":{},"end":{}}],"line":46},"3":{"loc":{"start":{"line":54,"column":4},"end":{"line":54,"column":37}},"type":"if","locations":[{"start":{"line":54,"column":4},"end":{"line":54,"column":37}},{"start":{},"end":{}}],"line":54},"4":{"loc":{"start":{"line":57,"column":4},"end":{"line":67,"column":5}},"type":"switch","locations":[{"start":{"line":58,"column":6},"end":{"line":60,"column":14}},{"start":{"line":61,"column":6},"end":{"line":63,"column":14}},{"start":{"line":64,"column":6},"end":{"line":66,"column":14}}],"line":57},"5":{"loc":{"start":{"line":59,"column":52},"end":{"line":59,"column":72}},"type":"binary-expr","locations":[{"start":{"line":59,"column":52},"end":{"line":59,"column":59}},{"start":{"line":59,"column":63},"end":{"line":59,"column":72}}],"line":59},"6":{"loc":{"start":{"line":62,"column":54},"end":{"line":62,"column":74}},"type":"binary-expr","locations":[{"start":{"line":62,"column":54},"end":{"line":62,"column":61}},{"start":{"line":62,"column":65},"end":{"line":62,"column":74}}],"line":62},"7":{"loc":{"start":{"line":65,"column":68},"end":{"line":65,"column":88}},"type":"binary-expr","locations":[{"start":{"line":65,"column":68},"end":{"line":65,"column":75}},{"start":{"line":65,"column":79},"end":{"line":65,"column":88}}],"line":65},"8":{"loc":{"start":{"line":75,"column":4},"end":{"line":75,"column":28}},"type":"if","locations":[{"start":{"line":75,"column":4},"end":{"line":75,"column":28}},{"start":{},"end":{}}],"line":75},"9":{"loc":{"start":{"line":76,"column":65},"end":{"line":76,"column":94}},"type":"binary-expr","locations":[{"start":{"line":76,"column":65},"end":{"line":76,"column":89}},{"start":{"line":76,"column":93},"end":{"line":76,"column":94}}],"line":76},"10":{"loc":{"start":{"line":120,"column":15},"end":{"line":122,"column":15}},"type":"binary-expr","locations":[{"start":{"line":120,"column":15},"end":{"line":120,"column":55}},{"start":{"line":121,"column":16},"end":{"line":121,"column":103}}],"line":120},"11":{"loc":{"start":{"line":136,"column":15},"end":{"line":138,"column":15}},"type":"binary-expr","locations":[{"start":{"line":136,"column":15},"end":{"line":136,"column":50}},{"start":{"line":137,"column":16},"end":{"line":137,"column":98}}],"line":136},"12":{"loc":{"start":{"line":153,"column":15},"end":{"line":155,"column":15}},"type":"binary-expr","locations":[{"start":{"line":153,"column":15},"end":{"line":153,"column":52}},{"start":{"line":154,"column":16},"end":{"line":154,"column":100}}],"line":153},"13":{"loc":{"start":{"line":172,"column":15},"end":{"line":174,"column":15}},"type":"binary-expr","locations":[{"start":{"line":172,"column":15},"end":{"line":172,"column":58}},{"start":{"line":173,"column":16},"end":{"line":173,"column":106}}],"line":172},"14":{"loc":{"start":{"line":186,"column":7},"end":{"line":301,"column":7}},"type":"binary-expr","locations":[{"start":{"line":186,"column":7},"end":{"line":186,"column":25}},{"start":{"line":187,"column":8},"end":{"line":300,"column":11}}],"line":186},"15":{"loc":{"start":{"line":195,"column":34},"end":{"line":195,"column":63}},"type":"binary-expr","locations":[{"start":{"line":195,"column":34},"end":{"line":195,"column":58}},{"start":{"line":195,"column":62},"end":{"line":195,"column":63}}],"line":195},"16":{"loc":{"start":{"line":201,"column":34},"end":{"line":201,"column":59}},"type":"binary-expr","locations":[{"start":{"line":201,"column":34},"end":{"line":201,"column":54}},{"start":{"line":201,"column":58},"end":{"line":201,"column":59}}],"line":201},"17":{"loc":{"start":{"line":207,"column":34},"end":{"line":207,"column":60}},"type":"binary-expr","locations":[{"start":{"line":207,"column":34},"end":{"line":207,"column":55}},{"start":{"line":207,"column":59},"end":{"line":207,"column":60}}],"line":207},"18":{"loc":{"start":{"line":213,"column":34},"end":{"line":213,"column":58}},"type":"binary-expr","locations":[{"start":{"line":213,"column":34},"end":{"line":213,"column":53}},{"start":{"line":213,"column":57},"end":{"line":213,"column":58}}],"line":213},"19":{"loc":{"start":{"line":283,"column":40},"end":{"line":283,"column":69}},"type":"binary-expr","locations":[{"start":{"line":283,"column":40},"end":{"line":283,"column":64}},{"start":{"line":283,"column":68},"end":{"line":283,"column":69}}],"line":283}},"s":{"0":0,"1":0,"2":0,"3":0,"4":0,"5":0,"6":0,"7":0,"8":0,"9":0,"10":0,"11":0,"12":0,"13":0,"14":0,"15":0,"16":0,"17":0,"18":0,"19":0,"20":0,"21":0,"22":0,"23":0,"24":0,"25":0,"26":0,"27":0,"28":0,"29":0,"30":0,"31":0,"32":0,"33":0,"34":0,"35":0,"36":0,"37":0,"38":0,"39":0,"40":0,"41":0,"42":0,"43":0,"44":0,"45":0,"46":0,"47":0,"48":0},"f":{"0":0,"1":0,"2":0,"3":0,"4":0,"5":0,"6":0,"7":0,"8":0,"9":0,"10":0,"11":0,"12":0,"13":0,"14":0,"15":0},"b":{"0":[0,0],"1":[0,0],"2":[0,0],"3":[0,0],"4":[0,0,0],"5":[0,0],"6":[0,0],"7":[0,0],"8":[0,0],"9":[0,0],"10":[0,0],"11":[0,0],"12":[0,0],"13":[0,0],"14":[0,0],"15":[0,0],"16":[0,0],"17":[0,0],"18":[0,0],"19":[0,0]}}
,"/Users/sajad/Applications/iosapps/investmentapp/src/views/OneTimeInvestmentView.tsx": {"path":"/Users/sajad/Applications/iosapps/investmentapp/src/views/OneTimeInvestmentView.tsx","statementMap":{"0":{"start":{"line":22,"column":60},"end":{"line":312,"column":1}},"1":{"start":{"line":32,"column":16},"end":{"line":32,"column":32}},"2":{"start":{"line":34,"column":28},"end":{"line":40,"column":3}},"3":{"start":{"line":35,"column":34},"end":{"line":35,"column":42}},"4":{"start":{"line":36,"column":4},"end":{"line":39,"column":8}},"5":{"start":{"line":36,"column":25},"end":{"line":39,"column":5}},"6":{"start":{"line":42,"column":19},"end":{"line":51,"column":3}},"7":{"start":{"line":43,"column":4},"end":{"line":43,"column":23}},"8":{"start":{"line":44,"column":29},"end":{"line":44,"column":62}},"9":{"start":{"line":45,"column":4},"end":{"line":45,"column":32}},"10":{"start":{"line":46,"column":4},"end":{"line":50,"column":5}},"11":{"start":{"line":47,"column":61},"end":{"line":47,"column":95}},"12":{"start":{"line":48,"column":6},"end":{"line":48,"column":30}},"13":{"start":{"line":49,"column":6},"end":{"line":49,"column":30}},"14":{"start":{"line":53,"column":23},"end":{"line":68,"column":3}},"15":{"start":{"line":54,"column":4},"end":{"line":54,"column":37}},"16":{"start":{"line":54,"column":30},"end":{"line":54,"column":37}},"17":{"start":{"line":55,"column":21},"end":{"line":55,"column":84}},"18":{"start":{"line":56,"column":24},"end":{"line":56,"column":30}},"19":{"start":{"line":57,"column":4},"end":{"line":67,"column":5}},"20":{"start":{"line":59,"column":8},"end":{"line":59,"column":74}},"21":{"start":{"line":60,"column":8},"end":{"line":60,"column":14}},"22":{"start":{"line":62,"column":8},"end":{"line":62,"column":76}},"23":{"start":{"line":63,"column":8},"end":{"line":63,"column":14}},"24":{"start":{"line":65,"column":8},"end":{"line":65,"column":91}},"25":{"start":{"line":66,"column":8},"end":{"line":66,"column":14}},"26":{"start":{"line":70,"column":28},"end":{"line":72,"column":3}},"27":{"start":{"line":71,"column":4},"end":{"line":71,"column":99}},"28":{"start":{"line":74,"column":22},"end":{"line":79,"column":3}},"29":{"start":{"line":75,"column":4},"end":{"line":75,"column":41}},"30":{"start":{"line":76,"column":4},"end":{"line":76,"column":19}},"31":{"start":{"line":77,"column":4},"end":{"line":77,"column":21}},"32":{"start":{"line":78,"column":4},"end":{"line":78,"column":18}},"33":{"start":{"line":81,"column":2},"end":{"line":311,"column":4}},"34":{"start":{"line":239,"column":22},"end":{"line":239,"column":78}},"35":{"start":{"line":239,"column":66},"end":{"line":239,"column":78}},"36":{"start":{"line":240,"column":44},"end":{"line":240,"column":71}},"37":{"start":{"line":241,"column":45},"end":{"line":241,"column":73}},"38":{"start":{"line":242,"column":46},"end":{"line":242,"column":83}},"39":{"start":{"line":243,"column":22},"end":{"line":250,"column":24}},"40":{"start":{"line":266,"column":39},"end":{"line":266,"column":58}},"41":{"start":{"line":269,"column":39},"end":{"line":269,"column":59}},"42":{"start":{"line":272,"column":39},"end":{"line":272,"column":58}},"43":{"start":{"line":289,"column":20},"end":{"line":302,"column":25}}},"fnMap":{"0":{"name":"(anonymous_0)","decl":{"start":{"line":22,"column":60},"end":{"line":22,"column":61}},"loc":{"start":{"line":31,"column":6},"end":{"line":312,"column":1}},"line":31},"1":{"name":"(anonymous_1)","decl":{"start":{"line":34,"column":28},"end":{"line":34,"column":29}},"loc":{"start":{"line":34,"column":92},"end":{"line":40,"column":3}},"line":34},"2":{"name":"(anonymous_2)","decl":{"start":{"line":36,"column":14},"end":{"line":36,"column":15}},"loc":{"start":{"line":36,"column":25},"end":{"line":39,"column":5}},"line":36},"3":{"name":"(anonymous_3)","decl":{"start":{"line":42,"column":19},"end":{"line":42,"column":20}},"loc":{"start":{"line":42,"column":43},"end":{"line":51,"column":3}},"line":42},"4":{"name":"(anonymous_4)","decl":{"start":{"line":53,"column":23},"end":{"line":53,"column":24}},"loc":{"start":{"line":53,"column":59},"end":{"line":68,"column":3}},"line":53},"5":{"name":"(anonymous_5)","decl":{"start":{"line":70,"column":28},"end":{"line":70,"column":29}},"loc":{"start":{"line":70,"column":34},"end":{"line":72,"column":3}},"line":70},"6":{"name":"(anonymous_6)","decl":{"start":{"line":74,"column":22},"end":{"line":74,"column":23}},"loc":{"start":{"line":74,"column":28},"end":{"line":79,"column":3}},"line":74},"7":{"name":"(anonymous_7)","decl":{"start":{"line":238,"column":29},"end":{"line":238,"column":30}},"loc":{"start":{"line":238,"column":61},"end":{"line":251,"column":21}},"line":238},"8":{"name":"(anonymous_8)","decl":{"start":{"line":266,"column":33},"end":{"line":266,"column":34}},"loc":{"start":{"line":266,"column":39},"end":{"line":266,"column":58}},"line":266},"9":{"name":"(anonymous_9)","decl":{"start":{"line":269,"column":33},"end":{"line":269,"column":34}},"loc":{"start":{"line":269,"column":39},"end":{"line":269,"column":59}},"line":269},"10":{"name":"(anonymous_10)","decl":{"start":{"line":272,"column":33},"end":{"line":272,"column":34}},"loc":{"start":{"line":272,"column":39},"end":{"line":272,"column":58}},"line":272},"11":{"name":"(anonymous_11)","decl":{"start":{"line":288,"column":31},"end":{"line":288,"column":32}},"loc":{"start":{"line":289,"column":20},"end":{"line":302,"column":25}},"line":289}},"branchMap":{"0":{"loc":{"start":{"line":38,"column":14},"end":{"line":38,"column":75}},"type":"cond-expr","locations":[{"start":{"line":38,"column":54},"end":{"line":38,"column":67}},{"start":{"line":38,"column":70},"end":{"line":38,"column":75}}],"line":38},"1":{"loc":{"start":{"line":38,"column":14},"end":{"line":38,"column":51}},"type":"binary-expr","locations":[{"start":{"line":38,"column":14},"end":{"line":38,"column":31}},{"start":{"line":38,"column":35},"end":{"line":38,"column":51}}],"line":38},"2":{"loc":{"start":{"line":46,"column":4},"end":{"line":50,"column":5}},"type":"if","locations":[{"start":{"line":46,"column":4},"end":{"line":50,"column":5}},{"start":{},"end":{}}],"line":46},"3":{"loc":{"start":{"line":54,"column":4},"end":{"line":54,"column":37}},"type":"if","locations":[{"start":{"line":54,"column":4},"end":{"line":54,"column":37}},{"start":{},"end":{}}],"line":54},"4":{"loc":{"start":{"line":57,"column":4},"end":{"line":67,"column":5}},"type":"switch","locations":[{"start":{"line":58,"column":6},"end":{"line":60,"column":14}},{"start":{"line":61,"column":6},"end":{"line":63,"column":14}},{"start":{"line":64,"column":6},"end":{"line":66,"column":14}}],"line":57},"5":{"loc":{"start":{"line":59,"column":52},"end":{"line":59,"column":72}},"type":"binary-expr","locations":[{"start":{"line":59,"column":52},"end":{"line":59,"column":59}},{"start":{"line":59,"column":63},"end":{"line":59,"column":72}}],"line":59},"6":{"loc":{"start":{"line":62,"column":54},"end":{"line":62,"column":74}},"type":"binary-expr","locations":[{"start":{"line":62,"column":54},"end":{"line":62,"column":61}},{"start":{"line":62,"column":65},"end":{"line":62,"column":74}}],"line":62},"7":{"loc":{"start":{"line":65,"column":69},"end":{"line":65,"column":89}},"type":"binary-expr","locations":[{"start":{"line":65,"column":69},"end":{"line":65,"column":76}},{"start":{"line":65,"column":80},"end":{"line":65,"column":89}}],"line":65},"8":{"loc":{"start":{"line":110,"column":15},"end":{"line":112,"column":15}},"type":"binary-expr","locations":[{"start":{"line":110,"column":15},"end":{"line":110,"column":58}},{"start":{"line":111,"column":16},"end":{"line":111,"column":106}}],"line":110},"9":{"loc":{"start":{"line":137,"column":15},"end":{"line":139,"column":15}},"type":"binary-expr","locations":[{"start":{"line":137,"column":15},"end":{"line":137,"column":50}},{"start":{"line":138,"column":16},"end":{"line":138,"column":98}}],"line":137},"10":{"loc":{"start":{"line":156,"column":15},"end":{"line":158,"column":15}},"type":"binary-expr","locations":[{"start":{"line":156,"column":15},"end":{"line":156,"column":52}},{"start":{"line":157,"column":16},"end":{"line":157,"column":100}}],"line":156},"11":{"loc":{"start":{"line":177,"column":15},"end":{"line":179,"column":15}},"type":"binary-expr","locations":[{"start":{"line":177,"column":15},"end":{"line":177,"column":58}},{"start":{"line":178,"column":16},"end":{"line":178,"column":106}}],"line":177},"12":{"loc":{"start":{"line":191,"column":7},"end":{"line":309,"column":7}},"type":"binary-expr","locations":[{"start":{"line":191,"column":7},"end":{"line":191,"column":25}},{"start":{"line":192,"column":8},"end":{"line":308,"column":11}}],"line":191},"13":{"loc":{"start":{"line":200,"column":34},"end":{"line":200,"column":73}},"type":"binary-expr","locations":[{"start":{"line":200,"column":34},"end":{"line":200,"column":68}},{"start":{"line":200,"column":72},"end":{"line":200,"column":73}}],"line":200},"14":{"loc":{"start":{"line":206,"column":34},"end":{"line":206,"column":59}},"type":"binary-expr","locations":[{"start":{"line":206,"column":34},"end":{"line":206,"column":54}},{"start":{"line":206,"column":58},"end":{"line":206,"column":59}}],"line":206},"15":{"loc":{"start":{"line":212,"column":34},"end":{"line":212,"column":60}},"type":"binary-expr","locations":[{"start":{"line":212,"column":34},"end":{"line":212,"column":55}},{"start":{"line":212,"column":59},"end":{"line":212,"column":60}}],"line":212},"16":{"loc":{"start":{"line":218,"column":34},"end":{"line":218,"column":58}},"type":"binary-expr","locations":[{"start":{"line":218,"column":34},"end":{"line":218,"column":53}},{"start":{"line":218,"column":57},"end":{"line":218,"column":58}}],"line":218},"17":{"loc":{"start":{"line":239,"column":22},"end":{"line":239,"column":78}},"type":"if","locations":[{"start":{"line":239,"column":22},"end":{"line":239,"column":78}},{"start":{},"end":{}}],"line":239},"18":{"loc":{"start":{"line":239,"column":26},"end":{"line":239,"column":64}},"type":"binary-expr","locations":[{"start":{"line":239,"column":26},"end":{"line":239,"column":33}},{"start":{"line":239,"column":37},"end":{"line":239,"column":45}},{"start":{"line":239,"column":49},"end":{"line":239,"column":64}}],"line":239},"19":{"loc":{"start":{"line":246,"column":90},"end":{"line":246,"column":108}},"type":"binary-expr","locations":[{"start":{"line":246,"column":90},"end":{"line":246,"column":103}},{"start":{"line":246,"column":107},"end":{"line":246,"column":108}}],"line":246},"20":{"loc":{"start":{"line":247,"column":91},"end":{"line":247,"column":110}},"type":"binary-expr","locations":[{"start":{"line":247,"column":91},"end":{"line":247,"column":105}},{"start":{"line":247,"column":109},"end":{"line":247,"column":110}}],"line":247},"21":{"loc":{"start":{"line":248,"column":99},"end":{"line":248,"column":119}},"type":"binary-expr","locations":[{"start":{"line":248,"column":99},"end":{"line":248,"column":114}},{"start":{"line":248,"column":118},"end":{"line":248,"column":119}}],"line":248}},"s":{"0":0,"1":0,"2":0,"3":0,"4":0,"5":0,"6":0,"7":0,"8":0,"9":0,"10":0,"11":0,"12":0,"13":0,"14":0,"15":0,"16":0,"17":0,"18":0,"19":0,"20":0,"21":0,"22":0,"23":0,"24":0,"25":0,"26":0,"27":0,"28":0,"29":0,"30":0,"31":0,"32":0,"33":0,"34":0,"35":0,"36":0,"37":0,"38":0,"39":0,"40":0,"41":0,"42":0,"43":0},"f":{"0":0,"1":0,"2":0,"3":0,"4":0,"5":0,"6":0,"7":0,"8":0,"9":0,"10":0,"11":0},"b":{"0":[0,0],"1":[0,0],"2":[0,0],"3":[0,0],"4":[0,0,0],"5":[0,0],"6":[0,0],"7":[0,0],"8":[0,0],"9":[0,0],"10":[0,0],"11":[0,0],"12":[0,0],"13":[0,0],"14":[0,0],"15":[0,0],"16":[0,0],"17":[0,0],"18":[0,0,0],"19":[0,0],"20":[0,0],"21":[0,0]}}
}
